This file contains any messages produced by compilers while
running configure, to aid debugging if configure makes a mistake.

It was created by FULL-PACKAGE-NAME configure VERSION, which was
generated by GNU Autoconf 2.69.  Invocation command line was

  $ ./configure --disable-option-checking --prefix=/home/hadim/local/mm/ImageJ --with-imagej=/home/hadim/local/mm/ImageJ --enable-python --cache-file=/dev/null --srcdir=.

## --------- ##
## Platform. ##
## --------- ##

hostname = boromir
uname -m = x86_64
uname -r = 3.11.0-12-generic
uname -s = Linux
uname -v = #19-Ubuntu SMP Wed Oct 9 16:20:46 UTC 2013

/usr/bin/uname -p = unknown
/bin/uname -X     = unknown

/bin/arch              = unknown
/usr/bin/arch -k       = unknown
/usr/convex/getsysinfo = unknown
/usr/bin/hostinfo      = unknown
/bin/machine           = unknown
/usr/bin/oslevel       = unknown
/bin/universe          = unknown

PATH: /home/hadim/Downloads/bio/bftools
PATH: /home/hadim/local/Qt/5.1.1/gcc_64/bin
PATH: /home/hadim/local/texlive/bin/x86_64-linux/
PATH: /usr/local/sbin
PATH: /usr/local/bin
PATH: /usr/sbin
PATH: /usr/bin
PATH: /sbin
PATH: /bin
PATH: /usr/games
PATH: /usr/local/games
PATH: /home/hadim/bin


## ----------- ##
## Core tests. ##
## ----------- ##

configure:2462: checking build system type
configure:2476: result: x86_64-unknown-linux-gnu
configure:2496: checking host system type
configure:2509: result: x86_64-unknown-linux-gnu
configure:2545: checking for a BSD-compatible install
configure:2613: result: /usr/bin/install -c
configure:2624: checking whether build environment is sane
configure:2679: result: yes
configure:2830: checking for a thread-safe mkdir -p
configure:2869: result: /bin/mkdir -p
configure:2876: checking for gawk
configure:2892: found /usr/bin/gawk
configure:2903: result: gawk
configure:2914: checking whether make sets $(MAKE)
configure:2936: result: yes
configure:2965: checking whether make supports nested variables
configure:2982: result: yes
configure:3112: checking how to print strings
configure:3139: result: printf
configure:3172: checking for style of include used by make
configure:3200: result: GNU
configure:3271: checking for gcc
configure:3287: found /usr/bin/gcc
configure:3298: result: gcc
configure:3527: checking for C compiler version
configure:3536: gcc --version >&5
gcc (Ubuntu/Linaro 4.8.1-10ubuntu8) 4.8.1
Copyright (C) 2013 Free Software Foundation, Inc.
This is free software; see the source for copying conditions.  There is NO
warranty; not even for MERCHANTABILITY or FITNESS FOR A PARTICULAR PURPOSE.

configure:3547: $? = 0
configure:3536: gcc -v >&5
Using built-in specs.
COLLECT_GCC=gcc
COLLECT_LTO_WRAPPER=/usr/lib/gcc/x86_64-linux-gnu/4.8/lto-wrapper
Target: x86_64-linux-gnu
Configured with: ../src/configure -v --with-pkgversion='Ubuntu/Linaro 4.8.1-10ubuntu8' --with-bugurl=file:///usr/share/doc/gcc-4.8/README.Bugs --enable-languages=c,c++,java,go,d,fortran,objc,obj-c++ --prefix=/usr --program-suffix=-4.8 --enable-shared --enable-linker-build-id --libexecdir=/usr/lib --without-included-gettext --enable-threads=posix --with-gxx-include-dir=/usr/include/c++/4.8 --libdir=/usr/lib --enable-nls --with-sysroot=/ --enable-clocale=gnu --enable-libstdcxx-debug --enable-libstdcxx-time=yes --enable-gnu-unique-object --enable-plugin --with-system-zlib --disable-browser-plugin --enable-java-awt=gtk --enable-gtk-cairo --with-java-home=/usr/lib/jvm/java-1.5.0-gcj-4.8-amd64/jre --enable-java-home --with-jvm-root-dir=/usr/lib/jvm/java-1.5.0-gcj-4.8-amd64 --with-jvm-jar-dir=/usr/lib/jvm-exports/java-1.5.0-gcj-4.8-amd64 --with-arch-directory=amd64 --with-ecj-jar=/usr/share/java/eclipse-ecj.jar --enable-objc-gc --enable-multiarch --disable-werror --with-arch-32=i686 --with-abi=m64 --with-multilib-list=m32,m64,mx32 --with-tune=generic --enable-checking=release --build=x86_64-linux-gnu --host=x86_64-linux-gnu --target=x86_64-linux-gnu
Thread model: posix
gcc version 4.8.1 (Ubuntu/Linaro 4.8.1-10ubuntu8) 
configure:3547: $? = 0
configure:3536: gcc -V >&5
gcc: error: unrecognized command line option '-V'
gcc: fatal error: no input files
compilation terminated.
configure:3547: $? = 4
configure:3536: gcc -qversion >&5
gcc: error: unrecognized command line option '-qversion'
gcc: fatal error: no input files
compilation terminated.
configure:3547: $? = 4
configure:3567: checking whether the C compiler works
configure:3589: gcc    conftest.c  >&5
configure:3593: $? = 0
configure:3641: result: yes
configure:3644: checking for C compiler default output file name
configure:3646: result: a.out
configure:3652: checking for suffix of executables
configure:3659: gcc -o conftest    conftest.c  >&5
configure:3663: $? = 0
configure:3685: result: 
configure:3707: checking whether we are cross compiling
configure:3715: gcc -o conftest    conftest.c  >&5
configure:3719: $? = 0
configure:3726: ./conftest
configure:3730: $? = 0
configure:3745: result: no
configure:3750: checking for suffix of object files
configure:3772: gcc -c   conftest.c >&5
configure:3776: $? = 0
configure:3797: result: o
configure:3801: checking whether we are using the GNU C compiler
configure:3820: gcc -c   conftest.c >&5
configure:3820: $? = 0
configure:3829: result: yes
configure:3838: checking whether gcc accepts -g
configure:3858: gcc -c -g  conftest.c >&5
configure:3858: $? = 0
configure:3899: result: yes
configure:3916: checking for gcc option to accept ISO C89
configure:3979: gcc  -c -g -O2  conftest.c >&5
configure:3979: $? = 0
configure:3992: result: none needed
configure:4014: checking dependency style of gcc
configure:4125: result: gcc3
configure:4140: checking for a sed that does not truncate output
configure:4204: result: /bin/sed
configure:4222: checking for grep that handles long lines and -e
configure:4280: result: /bin/grep
configure:4285: checking for egrep
configure:4347: result: /bin/grep -E
configure:4352: checking for fgrep
configure:4414: result: /bin/grep -F
configure:4449: checking for ld used by gcc
configure:4516: result: /usr/bin/ld
configure:4523: checking if the linker (/usr/bin/ld) is GNU ld
configure:4538: result: yes
configure:4550: checking for BSD- or MS-compatible name lister (nm)
configure:4599: result: /usr/bin/nm -B
configure:4729: checking the name lister (/usr/bin/nm -B) interface
configure:4736: gcc -c -g -O2  conftest.c >&5
configure:4739: /usr/bin/nm -B "conftest.o"
configure:4742: output
0000000000000000 B some_variable
configure:4749: result: BSD nm
configure:4752: checking whether ln -s works
configure:4756: result: yes
configure:4764: checking the maximum length of command line arguments
configure:4895: result: 1572864
configure:4912: checking whether the shell understands some XSI constructs
configure:4922: result: yes
configure:4926: checking whether the shell understands "+="
configure:4932: result: yes
configure:4967: checking how to convert x86_64-unknown-linux-gnu file names to x86_64-unknown-linux-gnu format
configure:5007: result: func_convert_file_noop
configure:5014: checking how to convert x86_64-unknown-linux-gnu file names to toolchain format
configure:5034: result: func_convert_file_noop
configure:5041: checking for /usr/bin/ld option to reload object files
configure:5048: result: -r
configure:5122: checking for objdump
configure:5138: found /usr/bin/objdump
configure:5149: result: objdump
configure:5181: checking how to recognize dependent libraries
configure:5379: result: pass_all
configure:5464: checking for dlltool
configure:5494: result: no
configure:5524: checking how to associate runtime and link libraries
configure:5551: result: printf %s\n
configure:5612: checking for ar
configure:5628: found /usr/bin/ar
configure:5639: result: ar
configure:5676: checking for archiver @FILE support
configure:5693: gcc -c -g -O2  conftest.c >&5
configure:5693: $? = 0
configure:5696: ar cru libconftest.a @conftest.lst >&5
configure:5699: $? = 0
configure:5704: ar cru libconftest.a @conftest.lst >&5
ar: conftest.o: No such file or directory
configure:5707: $? = 1
configure:5719: result: @
configure:5777: checking for strip
configure:5793: found /usr/bin/strip
configure:5804: result: strip
configure:5876: checking for ranlib
configure:5892: found /usr/bin/ranlib
configure:5903: result: ranlib
configure:6005: checking command to parse /usr/bin/nm -B output from gcc object
configure:6125: gcc -c -g -O2  conftest.c >&5
configure:6128: $? = 0
configure:6132: /usr/bin/nm -B conftest.o \| sed -n -e 's/^.*[ ]\([ABCDGIRSTW][ABCDGIRSTW]*\)[ ][ ]*\([_A-Za-z][_A-Za-z0-9]*\)$/\1 \2 \2/p' | sed '/ __gnu_lto/d' \> conftest.nm
configure:6135: $? = 0
configure:6201: gcc -o conftest -g -O2   conftest.c conftstm.o >&5
configure:6204: $? = 0
configure:6242: result: ok
configure:6279: checking for sysroot
configure:6309: result: no
configure:6386: gcc -c -g -O2  conftest.c >&5
configure:6389: $? = 0
configure:6572: checking for mt
configure:6588: found /bin/mt
configure:6599: result: mt
configure:6622: checking if mt is a manifest tool
configure:6628: mt '-?'
configure:6636: result: no
configure:7278: checking how to run the C preprocessor
configure:7309: gcc -E  conftest.c
configure:7309: $? = 0
configure:7323: gcc -E  conftest.c
conftest.c:11:28: fatal error: ac_nonexistent.h: No such file or directory
 #include <ac_nonexistent.h>
                            ^
compilation terminated.
configure:7323: $? = 1
configure: failed program was:
| /* confdefs.h */
| #define PACKAGE_NAME "FULL-PACKAGE-NAME"
| #define PACKAGE_TARNAME "full-package-name"
| #define PACKAGE_VERSION "VERSION"
| #define PACKAGE_STRING "FULL-PACKAGE-NAME VERSION"
| #define PACKAGE_BUGREPORT "BUG-REPORT-ADDRESS"
| #define PACKAGE_URL ""
| #define PACKAGE "full-package-name"
| #define VERSION "VERSION"
| /* end confdefs.h.  */
| #include <ac_nonexistent.h>
configure:7348: result: gcc -E
configure:7368: gcc -E  conftest.c
configure:7368: $? = 0
configure:7382: gcc -E  conftest.c
conftest.c:11:28: fatal error: ac_nonexistent.h: No such file or directory
 #include <ac_nonexistent.h>
                            ^
compilation terminated.
configure:7382: $? = 1
configure: failed program was:
| /* confdefs.h */
| #define PACKAGE_NAME "FULL-PACKAGE-NAME"
| #define PACKAGE_TARNAME "full-package-name"
| #define PACKAGE_VERSION "VERSION"
| #define PACKAGE_STRING "FULL-PACKAGE-NAME VERSION"
| #define PACKAGE_BUGREPORT "BUG-REPORT-ADDRESS"
| #define PACKAGE_URL ""
| #define PACKAGE "full-package-name"
| #define VERSION "VERSION"
| /* end confdefs.h.  */
| #include <ac_nonexistent.h>
configure:7411: checking for ANSI C header files
configure:7431: gcc -c -g -O2  conftest.c >&5
configure:7431: $? = 0
configure:7504: gcc -o conftest -g -O2   conftest.c  >&5
configure:7504: $? = 0
configure:7504: ./conftest
configure:7504: $? = 0
configure:7515: result: yes
configure:7528: checking for sys/types.h
configure:7528: gcc -c -g -O2  conftest.c >&5
configure:7528: $? = 0
configure:7528: result: yes
configure:7528: checking for sys/stat.h
configure:7528: gcc -c -g -O2  conftest.c >&5
configure:7528: $? = 0
configure:7528: result: yes
configure:7528: checking for stdlib.h
configure:7528: gcc -c -g -O2  conftest.c >&5
configure:7528: $? = 0
configure:7528: result: yes
configure:7528: checking for string.h
configure:7528: gcc -c -g -O2  conftest.c >&5
configure:7528: $? = 0
configure:7528: result: yes
configure:7528: checking for memory.h
configure:7528: gcc -c -g -O2  conftest.c >&5
configure:7528: $? = 0
configure:7528: result: yes
configure:7528: checking for strings.h
configure:7528: gcc -c -g -O2  conftest.c >&5
configure:7528: $? = 0
configure:7528: result: yes
configure:7528: checking for inttypes.h
configure:7528: gcc -c -g -O2  conftest.c >&5
configure:7528: $? = 0
configure:7528: result: yes
configure:7528: checking for stdint.h
configure:7528: gcc -c -g -O2  conftest.c >&5
configure:7528: $? = 0
configure:7528: result: yes
configure:7528: checking for unistd.h
configure:7528: gcc -c -g -O2  conftest.c >&5
configure:7528: $? = 0
configure:7528: result: yes
configure:7542: checking for dlfcn.h
configure:7542: gcc -c -g -O2  conftest.c >&5
configure:7542: $? = 0
configure:7542: result: yes
configure:7748: checking for objdir
configure:7763: result: .libs
configure:8034: checking if gcc supports -fno-rtti -fno-exceptions
configure:8052: gcc -c -g -O2  -fno-rtti -fno-exceptions conftest.c >&5
cc1: warning: command line option '-fno-rtti' is valid for C++/ObjC++ but not for C [enabled by default]
configure:8056: $? = 0
configure:8069: result: no
configure:8396: checking for gcc option to produce PIC
configure:8403: result: -fPIC -DPIC
configure:8411: checking if gcc PIC flag -fPIC -DPIC works
configure:8429: gcc -c -g -O2  -fPIC -DPIC -DPIC conftest.c >&5
configure:8433: $? = 0
configure:8446: result: yes
configure:8475: checking if gcc static flag -static works
configure:8503: result: yes
configure:8518: checking if gcc supports -c -o file.o
configure:8539: gcc -c -g -O2  -o out/conftest2.o conftest.c >&5
configure:8543: $? = 0
configure:8565: result: yes
configure:8573: checking if gcc supports -c -o file.o
configure:8620: result: yes
configure:8653: checking whether the gcc linker (/usr/bin/ld -m elf_x86_64) supports shared libraries
configure:9810: result: yes
configure:9847: checking whether -lc should be explicitly linked in
configure:9855: gcc -c -g -O2  conftest.c >&5
configure:9858: $? = 0
configure:9873: gcc -shared  -fPIC -DPIC conftest.o  -v -Wl,-soname -Wl,conftest -o conftest 2\>\&1 \| /bin/grep  -lc  \>/dev/null 2\>\&1
configure:9876: $? = 0
configure:9890: result: no
configure:10050: checking dynamic linker characteristics
configure:10550: gcc -o conftest -g -O2   -Wl,-rpath -Wl,/foo conftest.c  >&5
configure:10550: $? = 0
configure:10784: result: GNU/Linux ld.so
configure:10891: checking how to hardcode library paths into programs
configure:10916: result: immediate
configure:11456: checking whether stripping libraries is possible
configure:11461: result: yes
configure:11496: checking if libtool supports shared libraries
configure:11498: result: yes
configure:11501: checking whether to build shared libraries
configure:11522: result: yes
configure:11525: checking whether to build static libraries
configure:11529: result: yes
configure:11626: checking for g++
configure:11642: found /usr/bin/g++
configure:11653: result: g++
configure:11680: checking for C++ compiler version
configure:11689: g++ --version >&5
g++ (Ubuntu/Linaro 4.8.1-10ubuntu8) 4.8.1
Copyright (C) 2013 Free Software Foundation, Inc.
This is free software; see the source for copying conditions.  There is NO
warranty; not even for MERCHANTABILITY or FITNESS FOR A PARTICULAR PURPOSE.

configure:11700: $? = 0
configure:11689: g++ -v >&5
Using built-in specs.
COLLECT_GCC=g++
COLLECT_LTO_WRAPPER=/usr/lib/gcc/x86_64-linux-gnu/4.8/lto-wrapper
Target: x86_64-linux-gnu
Configured with: ../src/configure -v --with-pkgversion='Ubuntu/Linaro 4.8.1-10ubuntu8' --with-bugurl=file:///usr/share/doc/gcc-4.8/README.Bugs --enable-languages=c,c++,java,go,d,fortran,objc,obj-c++ --prefix=/usr --program-suffix=-4.8 --enable-shared --enable-linker-build-id --libexecdir=/usr/lib --without-included-gettext --enable-threads=posix --with-gxx-include-dir=/usr/include/c++/4.8 --libdir=/usr/lib --enable-nls --with-sysroot=/ --enable-clocale=gnu --enable-libstdcxx-debug --enable-libstdcxx-time=yes --enable-gnu-unique-object --enable-plugin --with-system-zlib --disable-browser-plugin --enable-java-awt=gtk --enable-gtk-cairo --with-java-home=/usr/lib/jvm/java-1.5.0-gcj-4.8-amd64/jre --enable-java-home --with-jvm-root-dir=/usr/lib/jvm/java-1.5.0-gcj-4.8-amd64 --with-jvm-jar-dir=/usr/lib/jvm-exports/java-1.5.0-gcj-4.8-amd64 --with-arch-directory=amd64 --with-ecj-jar=/usr/share/java/eclipse-ecj.jar --enable-objc-gc --enable-multiarch --disable-werror --with-arch-32=i686 --with-abi=m64 --with-multilib-list=m32,m64,mx32 --with-tune=generic --enable-checking=release --build=x86_64-linux-gnu --host=x86_64-linux-gnu --target=x86_64-linux-gnu
Thread model: posix
gcc version 4.8.1 (Ubuntu/Linaro 4.8.1-10ubuntu8) 
configure:11700: $? = 0
configure:11689: g++ -V >&5
g++: error: unrecognized command line option '-V'
g++: fatal error: no input files
compilation terminated.
configure:11700: $? = 4
configure:11689: g++ -qversion >&5
g++: error: unrecognized command line option '-qversion'
g++: fatal error: no input files
compilation terminated.
configure:11700: $? = 4
configure:11704: checking whether we are using the GNU C++ compiler
configure:11723: g++ -c   conftest.cpp >&5
configure:11723: $? = 0
configure:11732: result: yes
configure:11741: checking whether g++ accepts -g
configure:11761: g++ -c -g  conftest.cpp >&5
configure:11761: $? = 0
configure:11802: result: yes
configure:11827: checking dependency style of g++
configure:11938: result: gcc3
configure:11971: checking how to run the C++ preprocessor
configure:11998: g++ -E  conftest.cpp
configure:11998: $? = 0
configure:12012: g++ -E  conftest.cpp
conftest.cpp:23:28: fatal error: ac_nonexistent.h: No such file or directory
 #include <ac_nonexistent.h>
                            ^
compilation terminated.
configure:12012: $? = 1
configure: failed program was:
| /* confdefs.h */
| #define PACKAGE_NAME "FULL-PACKAGE-NAME"
| #define PACKAGE_TARNAME "full-package-name"
| #define PACKAGE_VERSION "VERSION"
| #define PACKAGE_STRING "FULL-PACKAGE-NAME VERSION"
| #define PACKAGE_BUGREPORT "BUG-REPORT-ADDRESS"
| #define PACKAGE_URL ""
| #define PACKAGE "full-package-name"
| #define VERSION "VERSION"
| #define STDC_HEADERS 1
| #define HAVE_SYS_TYPES_H 1
| #define HAVE_SYS_STAT_H 1
| #define HAVE_STDLIB_H 1
| #define HAVE_STRING_H 1
| #define HAVE_MEMORY_H 1
| #define HAVE_STRINGS_H 1
| #define HAVE_INTTYPES_H 1
| #define HAVE_STDINT_H 1
| #define HAVE_UNISTD_H 1
| #define HAVE_DLFCN_H 1
| #define LT_OBJDIR ".libs/"
| /* end confdefs.h.  */
| #include <ac_nonexistent.h>
configure:12037: result: g++ -E
configure:12057: g++ -E  conftest.cpp
configure:12057: $? = 0
configure:12071: g++ -E  conftest.cpp
conftest.cpp:23:28: fatal error: ac_nonexistent.h: No such file or directory
 #include <ac_nonexistent.h>
                            ^
compilation terminated.
configure:12071: $? = 1
configure: failed program was:
| /* confdefs.h */
| #define PACKAGE_NAME "FULL-PACKAGE-NAME"
| #define PACKAGE_TARNAME "full-package-name"
| #define PACKAGE_VERSION "VERSION"
| #define PACKAGE_STRING "FULL-PACKAGE-NAME VERSION"
| #define PACKAGE_BUGREPORT "BUG-REPORT-ADDRESS"
| #define PACKAGE_URL ""
| #define PACKAGE "full-package-name"
| #define VERSION "VERSION"
| #define STDC_HEADERS 1
| #define HAVE_SYS_TYPES_H 1
| #define HAVE_SYS_STAT_H 1
| #define HAVE_STDLIB_H 1
| #define HAVE_STRING_H 1
| #define HAVE_MEMORY_H 1
| #define HAVE_STRINGS_H 1
| #define HAVE_INTTYPES_H 1
| #define HAVE_STDINT_H 1
| #define HAVE_UNISTD_H 1
| #define HAVE_DLFCN_H 1
| #define LT_OBJDIR ".libs/"
| /* end confdefs.h.  */
| #include <ac_nonexistent.h>
configure:12240: checking for ld used by g++
configure:12307: result: /usr/bin/ld -m elf_x86_64
configure:12314: checking if the linker (/usr/bin/ld -m elf_x86_64) is GNU ld
configure:12329: result: yes
configure:12384: checking whether the g++ linker (/usr/bin/ld -m elf_x86_64) supports shared libraries
configure:13386: result: yes
configure:13422: g++ -c -g -O2  conftest.cpp >&5
configure:13425: $? = 0
configure:13945: checking for g++ option to produce PIC
configure:13952: result: -fPIC -DPIC
configure:13960: checking if g++ PIC flag -fPIC -DPIC works
configure:13978: g++ -c -g -O2  -fPIC -DPIC -DPIC conftest.cpp >&5
configure:13982: $? = 0
configure:13995: result: yes
configure:14018: checking if g++ static flag -static works
configure:14046: result: yes
configure:14058: checking if g++ supports -c -o file.o
configure:14079: g++ -c -g -O2  -o out/conftest2.o conftest.cpp >&5
configure:14083: $? = 0
configure:14105: result: yes
configure:14110: checking if g++ supports -c -o file.o
configure:14157: result: yes
configure:14187: checking whether the g++ linker (/usr/bin/ld -m elf_x86_64) supports shared libraries
configure:14226: result: yes
configure:14367: checking dynamic linker characteristics
configure:15035: result: GNU/Linux ld.so
configure:15088: checking how to hardcode library paths into programs
configure:15113: result: immediate
configure:15201: checking for gcc
configure:15228: result: gcc
configure:15457: checking for C compiler version
configure:15466: gcc --version >&5
gcc (Ubuntu/Linaro 4.8.1-10ubuntu8) 4.8.1
Copyright (C) 2013 Free Software Foundation, Inc.
This is free software; see the source for copying conditions.  There is NO
warranty; not even for MERCHANTABILITY or FITNESS FOR A PARTICULAR PURPOSE.

configure:15477: $? = 0
configure:15466: gcc -v >&5
Using built-in specs.
COLLECT_GCC=gcc
COLLECT_LTO_WRAPPER=/usr/lib/gcc/x86_64-linux-gnu/4.8/lto-wrapper
Target: x86_64-linux-gnu
Configured with: ../src/configure -v --with-pkgversion='Ubuntu/Linaro 4.8.1-10ubuntu8' --with-bugurl=file:///usr/share/doc/gcc-4.8/README.Bugs --enable-languages=c,c++,java,go,d,fortran,objc,obj-c++ --prefix=/usr --program-suffix=-4.8 --enable-shared --enable-linker-build-id --libexecdir=/usr/lib --without-included-gettext --enable-threads=posix --with-gxx-include-dir=/usr/include/c++/4.8 --libdir=/usr/lib --enable-nls --with-sysroot=/ --enable-clocale=gnu --enable-libstdcxx-debug --enable-libstdcxx-time=yes --enable-gnu-unique-object --enable-plugin --with-system-zlib --disable-browser-plugin --enable-java-awt=gtk --enable-gtk-cairo --with-java-home=/usr/lib/jvm/java-1.5.0-gcj-4.8-amd64/jre --enable-java-home --with-jvm-root-dir=/usr/lib/jvm/java-1.5.0-gcj-4.8-amd64 --with-jvm-jar-dir=/usr/lib/jvm-exports/java-1.5.0-gcj-4.8-amd64 --with-arch-directory=amd64 --with-ecj-jar=/usr/share/java/eclipse-ecj.jar --enable-objc-gc --enable-multiarch --disable-werror --with-arch-32=i686 --with-abi=m64 --with-multilib-list=m32,m64,mx32 --with-tune=generic --enable-checking=release --build=x86_64-linux-gnu --host=x86_64-linux-gnu --target=x86_64-linux-gnu
Thread model: posix
gcc version 4.8.1 (Ubuntu/Linaro 4.8.1-10ubuntu8) 
configure:15477: $? = 0
configure:15466: gcc -V >&5
gcc: error: unrecognized command line option '-V'
gcc: fatal error: no input files
compilation terminated.
configure:15477: $? = 4
configure:15466: gcc -qversion >&5
gcc: error: unrecognized command line option '-qversion'
gcc: fatal error: no input files
compilation terminated.
configure:15477: $? = 4
configure:15481: checking whether we are using the GNU C compiler
configure:15509: result: yes
configure:15518: checking whether gcc accepts -g
configure:15579: result: yes
configure:15596: checking for gcc option to accept ISO C89
configure:15672: result: none needed
configure:15694: checking dependency style of gcc
configure:15805: result: gcc3
configure:15826: checking GNU compiler version
configure:15833: result: 4.8.1
configure:15864: checking LINKFORSHARED
configure:15876: result: -Xlinker -export-dynamic
configure:15890: result: -lpthread
configure:15916: checking whether to build for imagej
configure:15926: result: /home/hadim/local/mm/ImageJ
configure:15945: checking for ImageJ directory
configure:15954: result: /home/hadim/local/mm/ImageJ
configure:15992: checking device adapter path
configure:15994: result: ${libdir}/micro-manager
configure:15997: checking jar path
configure:15999: result: /home/hadim/local/mm/ImageJ/plugins/Micro-Manager
configure:16051: checking for boostlib >= 1.20.0
configure:16119: g++ -c -g -O  -I/usr/include conftest.cpp >&5
configure:16119: $? = 0
configure:16121: result: yes
configure:16298: checking whether the Boost::Date_Time library is available
configure:16322: g++ -c -g -O  -I/usr/include conftest.cpp >&5
configure:16322: $? = 0
configure:16336: result: yes
configure:16347: checking for exit in -lboost_date_time
configure:16372: gcc -o conftest -g -O2  -I/usr/include  -L/usr/lib conftest.c -lboost_date_time   >&5
conftest.c:32:6: warning: conflicting types for built-in function 'exit' [enabled by default]
 char exit ();
      ^
configure:16372: $? = 0
configure:16382: result: yes
configure:16498: checking for stdbool.h that conforms to C99
configure:16565: gcc -c -g -O2  conftest.c >&5
configure:16565: $? = 0
configure:16572: result: yes
configure:16574: checking for _Bool
configure:16574: gcc -c -g -O2  conftest.c >&5
configure:16574: $? = 0
configure:16574: gcc -c -g -O2  conftest.c >&5
conftest.c: In function 'main':
conftest.c:61:20: error: expected expression before ')' token
 if (sizeof ((_Bool)))
                    ^
configure:16574: $? = 1
configure: failed program was:
| /* confdefs.h */
| #define PACKAGE_NAME "FULL-PACKAGE-NAME"
| #define PACKAGE_TARNAME "full-package-name"
| #define PACKAGE_VERSION "VERSION"
| #define PACKAGE_STRING "FULL-PACKAGE-NAME VERSION"
| #define PACKAGE_BUGREPORT "BUG-REPORT-ADDRESS"
| #define PACKAGE_URL ""
| #define PACKAGE "full-package-name"
| #define VERSION "VERSION"
| #define STDC_HEADERS 1
| #define HAVE_SYS_TYPES_H 1
| #define HAVE_SYS_STAT_H 1
| #define HAVE_STDLIB_H 1
| #define HAVE_STRING_H 1
| #define HAVE_MEMORY_H 1
| #define HAVE_STRINGS_H 1
| #define HAVE_INTTYPES_H 1
| #define HAVE_STDINT_H 1
| #define HAVE_UNISTD_H 1
| #define HAVE_DLFCN_H 1
| #define LT_OBJDIR ".libs/"
| #define HAVE_BOOST /**/
| #define HAVE_BOOST_DATE_TIME /**/
| /* end confdefs.h.  */
| #include <stdio.h>
| #ifdef HAVE_SYS_TYPES_H
| # include <sys/types.h>
| #endif
| #ifdef HAVE_SYS_STAT_H
| # include <sys/stat.h>
| #endif
| #ifdef STDC_HEADERS
| # include <stdlib.h>
| # include <stddef.h>
| #else
| # ifdef HAVE_STDLIB_H
| #  include <stdlib.h>
| # endif
| #endif
| #ifdef HAVE_STRING_H
| # if !defined STDC_HEADERS && defined HAVE_MEMORY_H
| #  include <memory.h>
| # endif
| # include <string.h>
| #endif
| #ifdef HAVE_STRINGS_H
| # include <strings.h>
| #endif
| #ifdef HAVE_INTTYPES_H
| # include <inttypes.h>
| #endif
| #ifdef HAVE_STDINT_H
| # include <stdint.h>
| #endif
| #ifdef HAVE_UNISTD_H
| # include <unistd.h>
| #endif
| int
| main ()
| {
| if (sizeof ((_Bool)))
| 	    return 0;
|   ;
|   return 0;
| }
configure:16574: result: yes
configure:16591: checking for an ANSI C-conforming const
configure:16657: gcc -c -g -O2  conftest.c >&5
configure:16657: $? = 0
configure:16664: result: yes
configure:16672: checking for inline
configure:16688: gcc -c -g -O2  conftest.c >&5
configure:16688: $? = 0
configure:16696: result: inline
configure:16716: checking for ANSI C header files
configure:16820: result: yes
configure:16830: checking for memset
configure:16830: gcc -o conftest -g -O2   conftest.c  >&5
conftest.c:51:6: warning: conflicting types for built-in function 'memset' [enabled by default]
 char memset ();
      ^
configure:16830: $? = 0
configure:16830: result: yes
configure:16839: checking for dlopen in -ldl
configure:16864: gcc -o conftest -g -O2   conftest.c -ldl   >&5
configure:16864: $? = 0
configure:16873: result: yes
configure:16889: checking for zlib
configure:16914: checking /usr/include/zlib.h usability
configure:16914: gcc -c -g -O2  conftest.c >&5
configure:16914: $? = 0
configure:16914: result: yes
configure:16914: checking /usr/include/zlib.h presence
configure:16914: gcc -E  conftest.c
configure:16914: $? = 0
configure:16914: result: yes
configure:16914: checking for /usr/include/zlib.h
configure:16914: result: yes
configure:16945: result: zlib.a found
configure:17115: checking that generated files are newer than configure
configure:17121: result: done
configure:17156: creating ./config.status

## ---------------------- ##
## Running config.status. ##
## ---------------------- ##

This file was extended by FULL-PACKAGE-NAME config.status VERSION, which was
generated by GNU Autoconf 2.69.  Invocation command line was

  CONFIG_FILES    = 
  CONFIG_HEADERS  = 
  CONFIG_LINKS    = 
  CONFIG_COMMANDS = 
  $ ./config.status 

on boromir

config.status:1083: creating Makefile
config.status:1083: creating CoreTest/Makefile
config.status:1083: creating DeviceTest/Makefile
config.status:1083: creating LibraryTest/Makefile
config.status:1255: executing depfiles commands
config.status:1255: executing libtool commands

## ---------------- ##
## Cache variables. ##
## ---------------- ##

ac_cv_build=x86_64-unknown-linux-gnu
ac_cv_c_compiler_gnu=yes
ac_cv_c_const=yes
ac_cv_c_inline=inline
ac_cv_cxx_compiler_gnu=yes
ac_cv_env_CCC_set=
ac_cv_env_CCC_value=
ac_cv_env_CC_set=
ac_cv_env_CC_value=
ac_cv_env_CFLAGS_set=
ac_cv_env_CFLAGS_value=
ac_cv_env_CPPFLAGS_set=set
ac_cv_env_CPPFLAGS_value=
ac_cv_env_CPP_set=
ac_cv_env_CPP_value=
ac_cv_env_CXXCPP_set=
ac_cv_env_CXXCPP_value=
ac_cv_env_CXXFLAGS_set=
ac_cv_env_CXXFLAGS_value=
ac_cv_env_CXX_set=
ac_cv_env_CXX_value=
ac_cv_env_LDFLAGS_set=set
ac_cv_env_LDFLAGS_value=
ac_cv_env_LIBS_set=
ac_cv_env_LIBS_value=
ac_cv_env_build_alias_set=
ac_cv_env_build_alias_value=
ac_cv_env_host_alias_set=
ac_cv_env_host_alias_value=
ac_cv_env_target_alias_set=
ac_cv_env_target_alias_value=
ac_cv_func_memset=yes
ac_cv_header__usr_include_zlib_h=yes
ac_cv_header_dlfcn_h=yes
ac_cv_header_inttypes_h=yes
ac_cv_header_memory_h=yes
ac_cv_header_stdbool_h=yes
ac_cv_header_stdc=yes
ac_cv_header_stdint_h=yes
ac_cv_header_stdlib_h=yes
ac_cv_header_string_h=yes
ac_cv_header_strings_h=yes
ac_cv_header_sys_stat_h=yes
ac_cv_header_sys_types_h=yes
ac_cv_header_unistd_h=yes
ac_cv_host=x86_64-unknown-linux-gnu
ac_cv_lib_boost_date_time___exit=yes
ac_cv_lib_dl_dlopen=yes
ac_cv_objext=o
ac_cv_path_EGREP='/bin/grep -E'
ac_cv_path_FGREP='/bin/grep -F'
ac_cv_path_GREP=/bin/grep
ac_cv_path_SED=/bin/sed
ac_cv_path_install='/usr/bin/install -c'
ac_cv_path_mkdir=/bin/mkdir
ac_cv_prog_AWK=gawk
ac_cv_prog_CPP='gcc -E'
ac_cv_prog_CXXCPP='g++ -E'
ac_cv_prog_ac_ct_AR=ar
ac_cv_prog_ac_ct_CC=gcc
ac_cv_prog_ac_ct_CXX=g++
ac_cv_prog_ac_ct_MANIFEST_TOOL=mt
ac_cv_prog_ac_ct_OBJDUMP=objdump
ac_cv_prog_ac_ct_RANLIB=ranlib
ac_cv_prog_ac_ct_STRIP=strip
ac_cv_prog_cc_c89=
ac_cv_prog_cc_g=yes
ac_cv_prog_cxx_g=yes
ac_cv_prog_make_make_set=yes
ac_cv_type__Bool=yes
am_cv_CC_dependencies_compiler_type=gcc3
am_cv_CXX_dependencies_compiler_type=gcc3
am_cv_make_support_nested_variables=yes
ax_cv_boost_date_time=yes
lt_cv_ar_at_file=@
lt_cv_archive_cmds_need_lc=no
lt_cv_deplibs_check_method=pass_all
lt_cv_file_magic_cmd='$MAGIC_CMD'
lt_cv_file_magic_test_file=
lt_cv_ld_reload_flag=-r
lt_cv_nm_interface='BSD nm'
lt_cv_objdir=.libs
lt_cv_path_LD=/usr/bin/ld
lt_cv_path_LDCXX='/usr/bin/ld -m elf_x86_64'
lt_cv_path_NM='/usr/bin/nm -B'
lt_cv_path_mainfest_tool=no
lt_cv_prog_compiler_c_o=yes
lt_cv_prog_compiler_c_o_CXX=yes
lt_cv_prog_compiler_pic='-fPIC -DPIC'
lt_cv_prog_compiler_pic_CXX='-fPIC -DPIC'
lt_cv_prog_compiler_pic_works=yes
lt_cv_prog_compiler_pic_works_CXX=yes
lt_cv_prog_compiler_rtti_exceptions=no
lt_cv_prog_compiler_static_works=yes
lt_cv_prog_compiler_static_works_CXX=yes
lt_cv_prog_gnu_ld=yes
lt_cv_prog_gnu_ldcxx=yes
lt_cv_sharedlib_from_linklib_cmd='printf %s\n'
lt_cv_shlibpath_overrides_runpath=no
lt_cv_sys_global_symbol_pipe='sed -n -e '\''s/^.*[	 ]\([ABCDGIRSTW][ABCDGIRSTW]*\)[	 ][	 ]*\([_A-Za-z][_A-Za-z0-9]*\)$/\1 \2 \2/p'\'' | sed '\''/ __gnu_lto/d'\'''
lt_cv_sys_global_symbol_to_c_name_address='sed -n -e '\''s/^: \([^ ]*\)[ ]*$/  {\"\1\", (void *) 0},/p'\'' -e '\''s/^[ABCDGIRSTW]* \([^ ]*\) \([^ ]*\)$/  {"\2", (void *) \&\2},/p'\'''
lt_cv_sys_global_symbol_to_c_name_address_lib_prefix='sed -n -e '\''s/^: \([^ ]*\)[ ]*$/  {\"\1\", (void *) 0},/p'\'' -e '\''s/^[ABCDGIRSTW]* \([^ ]*\) \(lib[^ ]*\)$/  {"\2", (void *) \&\2},/p'\'' -e '\''s/^[ABCDGIRSTW]* \([^ ]*\) \([^ ]*\)$/  {"lib\2", (void *) \&\2},/p'\'''
lt_cv_sys_global_symbol_to_cdecl='sed -n -e '\''s/^T .* \(.*\)$/extern int \1();/p'\'' -e '\''s/^[ABCDGIRSTW]* .* \(.*\)$/extern char \1;/p'\'''
lt_cv_sys_max_cmd_len=1572864
lt_cv_to_host_file_cmd=func_convert_file_noop
lt_cv_to_tool_file_cmd=func_convert_file_noop

## ----------------- ##
## Output variables. ##
## ----------------- ##

ACLOCAL='${SHELL} /home/hadim/local/mm/micro-manager/missing aclocal-1.13'
AMDEPBACKSLASH='\'
AMDEP_FALSE='#'
AMDEP_TRUE=''
AMTAR='$${TAR-tar}'
AM_BACKSLASH='\'
AM_DEFAULT_V='$(AM_DEFAULT_VERBOSITY)'
AM_DEFAULT_VERBOSITY='1'
AM_V='$(V)'
AR='ar'
AUTOCONF='${SHELL} /home/hadim/local/mm/micro-manager/missing autoconf'
AUTOHEADER='${SHELL} /home/hadim/local/mm/micro-manager/missing autoheader'
AUTOMAKE='${SHELL} /home/hadim/local/mm/micro-manager/missing automake-1.13'
AWK='gawk'
BOOST_CPPFLAGS='-I/usr/include'
BOOST_DATE_TIME_LIB='-lboost_date_time'
BOOST_LDFLAGS='-L/usr/lib'
BUILD_WITH_JAVA_FALSE='#'
BUILD_WITH_JAVA_TRUE=''
CC='gcc'
CCDEPMODE='depmode=gcc3'
CFLAGS='-g -O2'
CPP='gcc -E'
CPPFLAGS=''
CXX='g++'
CXXCPP='g++ -E'
CXXDEPMODE='depmode=gcc3'
CXXFLAGS='-g -O'
CYGPATH_W='echo'
DEFS='-DPACKAGE_NAME=\"FULL-PACKAGE-NAME\" -DPACKAGE_TARNAME=\"full-package-name\" -DPACKAGE_VERSION=\"VERSION\" -DPACKAGE_STRING=\"FULL-PACKAGE-NAME\ VERSION\" -DPACKAGE_BUGREPORT=\"BUG-REPORT-ADDRESS\" -DPACKAGE_URL=\"\" -DPACKAGE=\"full-package-name\" -DVERSION=\"VERSION\" -DSTDC_HEADERS=1 -DHAVE_SYS_TYPES_H=1 -DHAVE_SYS_STAT_H=1 -DHAVE_STDLIB_H=1 -DHAVE_STRING_H=1 -DHAVE_MEMORY_H=1 -DHAVE_STRINGS_H=1 -DHAVE_INTTYPES_H=1 -DHAVE_STDINT_H=1 -DHAVE_UNISTD_H=1 -DHAVE_DLFCN_H=1 -DLT_OBJDIR=\".libs/\" -DHAVE_BOOST=/\*\*/ -DHAVE_BOOST_DATE_TIME=/\*\*/ -DHAVE__BOOL=1 -DHAVE_STDBOOL_H=1 -DSTDC_HEADERS=1 -DHAVE_MEMSET=1 -DHAVE_LIBDL=1 -DHAVE__USR_INCLUDE_ZLIB_H=1'
DEPDIR='.deps'
DEVICEADAPTERPATH='${libdir}/micro-manager'
DLLTOOL='false'
DSYMUTIL=''
DUMPBIN=''
ECHO_C=''
ECHO_N='-n'
ECHO_T=''
EGREP='/bin/grep -E'
EXEEXT=''
FGREP='/bin/grep -F'
GREP='/bin/grep'
IJPATH='/home/hadim/local/mm/ImageJ'
INSTALL_DATA='${INSTALL} -m 644'
INSTALL_PROGRAM='${INSTALL}'
INSTALL_SCRIPT='${INSTALL}'
INSTALL_STRIP_PROGRAM='$(install_sh) -c -s'
JARPATH='/home/hadim/local/mm/ImageJ/plugins/Micro-Manager'
LD='/usr/bin/ld -m elf_x86_64'
LDFLAGS=''
LIBOBJS=''
LIBS='-ldl '
LIBTOOL='$(SHELL) $(top_builddir)/libtool'
LIBZLIB='/usr/lib/x86_64-linux-gnu/libz.a'
LINKFORSHARED='-Xlinker -export-dynamic'
LIPO=''
LN_S='ln -s'
LPTHREAD='-lpthread'
LTLIBOBJS=''
MAKEINFO='${SHELL} /home/hadim/local/mm/micro-manager/missing makeinfo'
MANIFEST_TOOL=':'
MKDIR_P='/bin/mkdir -p'
NM='/usr/bin/nm -B'
NMEDIT=''
OBJDUMP='objdump'
OBJEXT='o'
OSNAME='Linux'
OTOOL64=''
OTOOL=''
PACKAGE='full-package-name'
PACKAGE_BUGREPORT='BUG-REPORT-ADDRESS'
PACKAGE_NAME='FULL-PACKAGE-NAME'
PACKAGE_STRING='FULL-PACKAGE-NAME VERSION'
PACKAGE_TARNAME='full-package-name'
PACKAGE_URL=''
PACKAGE_VERSION='VERSION'
PATH_SEPARATOR=':'
RANLIB='ranlib'
SED='/bin/sed'
SERIALFRAMEWORKS=''
SET_MAKE=''
SHELL='/bin/bash'
STRIP='strip'
VERSION='VERSION'
ac_ct_AR='ar'
ac_ct_CC='gcc'
ac_ct_CXX='g++'
ac_ct_DUMPBIN=''
am__EXEEXT_FALSE=''
am__EXEEXT_TRUE='#'
am__fastdepCC_FALSE='#'
am__fastdepCC_TRUE=''
am__fastdepCXX_FALSE='#'
am__fastdepCXX_TRUE=''
am__include='include'
am__isrc=''
am__leading_dot='.'
am__nodep='_no'
am__quote=''
am__tar='$${TAR-tar} chof - "$$tardir"'
am__untar='$${TAR-tar} xf -'
bindir='${exec_prefix}/bin'
build='x86_64-unknown-linux-gnu'
build_alias=''
build_cpu='x86_64'
build_os='linux-gnu'
build_vendor='unknown'
datadir='${datarootdir}'
datarootdir='${prefix}/share'
docdir='${datarootdir}/doc/${PACKAGE_TARNAME}'
dvidir='${docdir}'
exec_prefix='${prefix}'
host='x86_64-unknown-linux-gnu'
host_alias=''
host_cpu='x86_64'
host_os='linux-gnu'
host_vendor='unknown'
htmldir='${docdir}'
includedir='${prefix}/include'
infodir='${datarootdir}/info'
install_sh='${SHELL} /home/hadim/local/mm/micro-manager/install-sh'
libdir='${exec_prefix}/lib'
libexecdir='${exec_prefix}/libexec'
localedir='${datarootdir}/locale'
localstatedir='${prefix}/var'
mandir='${datarootdir}/man'
mkdir_p='$(MKDIR_P)'
oldincludedir='/usr/include'
pdfdir='${docdir}'
prefix='/home/hadim/local/mm/ImageJ'
program_transform_name='s,x,x,'
psdir='${docdir}'
sbindir='${exec_prefix}/sbin'
sharedstatedir='${prefix}/com'
sysconfdir='${prefix}/etc'
target_alias=''

## ----------- ##
## confdefs.h. ##
## ----------- ##

/* confdefs.h */
#define PACKAGE_NAME "FULL-PACKAGE-NAME"
#define PACKAGE_TARNAME "full-package-name"
#define PACKAGE_VERSION "VERSION"
#define PACKAGE_STRING "FULL-PACKAGE-NAME VERSION"
#define PACKAGE_BUGREPORT "BUG-REPORT-ADDRESS"
#define PACKAGE_URL ""
#define PACKAGE "full-package-name"
#define VERSION "VERSION"
#define STDC_HEADERS 1
#define HAVE_SYS_TYPES_H 1
#define HAVE_SYS_STAT_H 1
#define HAVE_STDLIB_H 1
#define HAVE_STRING_H 1
#define HAVE_MEMORY_H 1
#define HAVE_STRINGS_H 1
#define HAVE_INTTYPES_H 1
#define HAVE_STDINT_H 1
#define HAVE_UNISTD_H 1
#define HAVE_DLFCN_H 1
#define LT_OBJDIR ".libs/"
#define HAVE_BOOST /**/
#define HAVE_BOOST_DATE_TIME /**/
#define HAVE__BOOL 1
#define HAVE_STDBOOL_H 1
#define STDC_HEADERS 1
#define HAVE_MEMSET 1
#define HAVE_LIBDL 1
#define HAVE__USR_INCLUDE_ZLIB_H 1

configure: exit 0
