This file contains any messages produced by compilers while
running configure, to aid debugging if configure makes a mistake.

It was created by FULL-PACKAGE-NAME configure VERSION, which was
generated by GNU Autoconf 2.69.  Invocation command line was

  $ ./configure --disable-option-checking --prefix=/home/hadim/local/mm/ImageJ --with-imagej=/home/hadim/local/mm/ImageJ --enable-python --cache-file=/dev/null --srcdir=.

## --------- ##
## Platform. ##
## --------- ##

hostname = boromir
uname -m = x86_64
uname -r = 3.11.0-12-generic
uname -s = Linux
uname -v = #19-Ubuntu SMP Wed Oct 9 16:20:46 UTC 2013

/usr/bin/uname -p = unknown
/bin/uname -X     = unknown

/bin/arch              = unknown
/usr/bin/arch -k       = unknown
/usr/convex/getsysinfo = unknown
/usr/bin/hostinfo      = unknown
/bin/machine           = unknown
/usr/bin/oslevel       = unknown
/bin/universe          = unknown

PATH: /home/hadim/Downloads/bio/bftools
PATH: /home/hadim/local/Qt/5.1.1/gcc_64/bin
PATH: /home/hadim/local/texlive/bin/x86_64-linux/
PATH: /usr/local/sbin
PATH: /usr/local/bin
PATH: /usr/sbin
PATH: /usr/bin
PATH: /sbin
PATH: /bin
PATH: /usr/games
PATH: /usr/local/games
PATH: /home/hadim/bin


## ----------- ##
## Core tests. ##
## ----------- ##

configure:2560: checking build system type
configure:2574: result: x86_64-unknown-linux-gnu
configure:2594: checking host system type
configure:2607: result: x86_64-unknown-linux-gnu
configure:2643: checking for a BSD-compatible install
configure:2711: result: /usr/bin/install -c
configure:2722: checking whether build environment is sane
configure:2777: result: yes
configure:2928: checking for a thread-safe mkdir -p
configure:2967: result: /bin/mkdir -p
configure:2974: checking for gawk
configure:2990: found /usr/bin/gawk
configure:3001: result: gawk
configure:3012: checking whether make sets $(MAKE)
configure:3034: result: yes
configure:3063: checking whether make supports nested variables
configure:3080: result: yes
configure:3241: checking how to print strings
configure:3268: result: printf
configure:3301: checking for style of include used by make
configure:3329: result: GNU
configure:3400: checking for gcc
configure:3416: found /usr/bin/gcc
configure:3427: result: gcc
configure:3656: checking for C compiler version
configure:3665: gcc --version >&5
gcc (Ubuntu/Linaro 4.8.1-10ubuntu8) 4.8.1
Copyright (C) 2013 Free Software Foundation, Inc.
This is free software; see the source for copying conditions.  There is NO
warranty; not even for MERCHANTABILITY or FITNESS FOR A PARTICULAR PURPOSE.

configure:3676: $? = 0
configure:3665: gcc -v >&5
Using built-in specs.
COLLECT_GCC=gcc
COLLECT_LTO_WRAPPER=/usr/lib/gcc/x86_64-linux-gnu/4.8/lto-wrapper
Target: x86_64-linux-gnu
Configured with: ../src/configure -v --with-pkgversion='Ubuntu/Linaro 4.8.1-10ubuntu8' --with-bugurl=file:///usr/share/doc/gcc-4.8/README.Bugs --enable-languages=c,c++,java,go,d,fortran,objc,obj-c++ --prefix=/usr --program-suffix=-4.8 --enable-shared --enable-linker-build-id --libexecdir=/usr/lib --without-included-gettext --enable-threads=posix --with-gxx-include-dir=/usr/include/c++/4.8 --libdir=/usr/lib --enable-nls --with-sysroot=/ --enable-clocale=gnu --enable-libstdcxx-debug --enable-libstdcxx-time=yes --enable-gnu-unique-object --enable-plugin --with-system-zlib --disable-browser-plugin --enable-java-awt=gtk --enable-gtk-cairo --with-java-home=/usr/lib/jvm/java-1.5.0-gcj-4.8-amd64/jre --enable-java-home --with-jvm-root-dir=/usr/lib/jvm/java-1.5.0-gcj-4.8-amd64 --with-jvm-jar-dir=/usr/lib/jvm-exports/java-1.5.0-gcj-4.8-amd64 --with-arch-directory=amd64 --with-ecj-jar=/usr/share/java/eclipse-ecj.jar --enable-objc-gc --enable-multiarch --disable-werror --with-arch-32=i686 --with-abi=m64 --with-multilib-list=m32,m64,mx32 --with-tune=generic --enable-checking=release --build=x86_64-linux-gnu --host=x86_64-linux-gnu --target=x86_64-linux-gnu
Thread model: posix
gcc version 4.8.1 (Ubuntu/Linaro 4.8.1-10ubuntu8) 
configure:3676: $? = 0
configure:3665: gcc -V >&5
gcc: error: unrecognized command line option '-V'
gcc: fatal error: no input files
compilation terminated.
configure:3676: $? = 4
configure:3665: gcc -qversion >&5
gcc: error: unrecognized command line option '-qversion'
gcc: fatal error: no input files
compilation terminated.
configure:3676: $? = 4
configure:3696: checking whether the C compiler works
configure:3718: gcc    conftest.c  >&5
configure:3722: $? = 0
configure:3770: result: yes
configure:3773: checking for C compiler default output file name
configure:3775: result: a.out
configure:3781: checking for suffix of executables
configure:3788: gcc -o conftest    conftest.c  >&5
configure:3792: $? = 0
configure:3814: result: 
configure:3836: checking whether we are cross compiling
configure:3844: gcc -o conftest    conftest.c  >&5
configure:3848: $? = 0
configure:3855: ./conftest
configure:3859: $? = 0
configure:3874: result: no
configure:3879: checking for suffix of object files
configure:3901: gcc -c   conftest.c >&5
configure:3905: $? = 0
configure:3926: result: o
configure:3930: checking whether we are using the GNU C compiler
configure:3949: gcc -c   conftest.c >&5
configure:3949: $? = 0
configure:3958: result: yes
configure:3967: checking whether gcc accepts -g
configure:3987: gcc -c -g  conftest.c >&5
configure:3987: $? = 0
configure:4028: result: yes
configure:4045: checking for gcc option to accept ISO C89
configure:4108: gcc  -c -g -O2  conftest.c >&5
configure:4108: $? = 0
configure:4121: result: none needed
configure:4143: checking dependency style of gcc
configure:4254: result: gcc3
configure:4269: checking for a sed that does not truncate output
configure:4333: result: /bin/sed
configure:4351: checking for grep that handles long lines and -e
configure:4409: result: /bin/grep
configure:4414: checking for egrep
configure:4476: result: /bin/grep -E
configure:4481: checking for fgrep
configure:4543: result: /bin/grep -F
configure:4578: checking for ld used by gcc
configure:4645: result: /usr/bin/ld
configure:4652: checking if the linker (/usr/bin/ld) is GNU ld
configure:4667: result: yes
configure:4679: checking for BSD- or MS-compatible name lister (nm)
configure:4728: result: /usr/bin/nm -B
configure:4858: checking the name lister (/usr/bin/nm -B) interface
configure:4865: gcc -c -g -O2  conftest.c >&5
configure:4868: /usr/bin/nm -B "conftest.o"
configure:4871: output
0000000000000000 B some_variable
configure:4878: result: BSD nm
configure:4881: checking whether ln -s works
configure:4885: result: yes
configure:4893: checking the maximum length of command line arguments
configure:5024: result: 1572864
configure:5041: checking whether the shell understands some XSI constructs
configure:5051: result: yes
configure:5055: checking whether the shell understands "+="
configure:5061: result: yes
configure:5096: checking how to convert x86_64-unknown-linux-gnu file names to x86_64-unknown-linux-gnu format
configure:5136: result: func_convert_file_noop
configure:5143: checking how to convert x86_64-unknown-linux-gnu file names to toolchain format
configure:5163: result: func_convert_file_noop
configure:5170: checking for /usr/bin/ld option to reload object files
configure:5177: result: -r
configure:5251: checking for objdump
configure:5267: found /usr/bin/objdump
configure:5278: result: objdump
configure:5310: checking how to recognize dependent libraries
configure:5508: result: pass_all
configure:5593: checking for dlltool
configure:5623: result: no
configure:5653: checking how to associate runtime and link libraries
configure:5680: result: printf %s\n
configure:5741: checking for ar
configure:5757: found /usr/bin/ar
configure:5768: result: ar
configure:5805: checking for archiver @FILE support
configure:5822: gcc -c -g -O2  conftest.c >&5
configure:5822: $? = 0
configure:5825: ar cru libconftest.a @conftest.lst >&5
configure:5828: $? = 0
configure:5833: ar cru libconftest.a @conftest.lst >&5
ar: conftest.o: No such file or directory
configure:5836: $? = 1
configure:5848: result: @
configure:5906: checking for strip
configure:5922: found /usr/bin/strip
configure:5933: result: strip
configure:6005: checking for ranlib
configure:6021: found /usr/bin/ranlib
configure:6032: result: ranlib
configure:6134: checking command to parse /usr/bin/nm -B output from gcc object
configure:6254: gcc -c -g -O2  conftest.c >&5
configure:6257: $? = 0
configure:6261: /usr/bin/nm -B conftest.o \| sed -n -e 's/^.*[ ]\([ABCDGIRSTW][ABCDGIRSTW]*\)[ ][ ]*\([_A-Za-z][_A-Za-z0-9]*\)$/\1 \2 \2/p' | sed '/ __gnu_lto/d' \> conftest.nm
configure:6264: $? = 0
configure:6330: gcc -o conftest -g -O2   conftest.c conftstm.o >&5
configure:6333: $? = 0
configure:6371: result: ok
configure:6408: checking for sysroot
configure:6438: result: no
configure:6515: gcc -c -g -O2  conftest.c >&5
configure:6518: $? = 0
configure:6701: checking for mt
configure:6717: found /bin/mt
configure:6728: result: mt
configure:6751: checking if mt is a manifest tool
configure:6757: mt '-?'
configure:6765: result: no
configure:7407: checking how to run the C preprocessor
configure:7438: gcc -E  conftest.c
configure:7438: $? = 0
configure:7452: gcc -E  conftest.c
conftest.c:11:28: fatal error: ac_nonexistent.h: No such file or directory
 #include <ac_nonexistent.h>
                            ^
compilation terminated.
configure:7452: $? = 1
configure: failed program was:
| /* confdefs.h */
| #define PACKAGE_NAME "FULL-PACKAGE-NAME"
| #define PACKAGE_TARNAME "full-package-name"
| #define PACKAGE_VERSION "VERSION"
| #define PACKAGE_STRING "FULL-PACKAGE-NAME VERSION"
| #define PACKAGE_BUGREPORT "BUG-REPORT-ADDRESS"
| #define PACKAGE_URL ""
| #define PACKAGE "full-package-name"
| #define VERSION "VERSION"
| /* end confdefs.h.  */
| #include <ac_nonexistent.h>
configure:7477: result: gcc -E
configure:7497: gcc -E  conftest.c
configure:7497: $? = 0
configure:7511: gcc -E  conftest.c
conftest.c:11:28: fatal error: ac_nonexistent.h: No such file or directory
 #include <ac_nonexistent.h>
                            ^
compilation terminated.
configure:7511: $? = 1
configure: failed program was:
| /* confdefs.h */
| #define PACKAGE_NAME "FULL-PACKAGE-NAME"
| #define PACKAGE_TARNAME "full-package-name"
| #define PACKAGE_VERSION "VERSION"
| #define PACKAGE_STRING "FULL-PACKAGE-NAME VERSION"
| #define PACKAGE_BUGREPORT "BUG-REPORT-ADDRESS"
| #define PACKAGE_URL ""
| #define PACKAGE "full-package-name"
| #define VERSION "VERSION"
| /* end confdefs.h.  */
| #include <ac_nonexistent.h>
configure:7540: checking for ANSI C header files
configure:7560: gcc -c -g -O2  conftest.c >&5
configure:7560: $? = 0
configure:7633: gcc -o conftest -g -O2   conftest.c  >&5
configure:7633: $? = 0
configure:7633: ./conftest
configure:7633: $? = 0
configure:7644: result: yes
configure:7657: checking for sys/types.h
configure:7657: gcc -c -g -O2  conftest.c >&5
configure:7657: $? = 0
configure:7657: result: yes
configure:7657: checking for sys/stat.h
configure:7657: gcc -c -g -O2  conftest.c >&5
configure:7657: $? = 0
configure:7657: result: yes
configure:7657: checking for stdlib.h
configure:7657: gcc -c -g -O2  conftest.c >&5
configure:7657: $? = 0
configure:7657: result: yes
configure:7657: checking for string.h
configure:7657: gcc -c -g -O2  conftest.c >&5
configure:7657: $? = 0
configure:7657: result: yes
configure:7657: checking for memory.h
configure:7657: gcc -c -g -O2  conftest.c >&5
configure:7657: $? = 0
configure:7657: result: yes
configure:7657: checking for strings.h
configure:7657: gcc -c -g -O2  conftest.c >&5
configure:7657: $? = 0
configure:7657: result: yes
configure:7657: checking for inttypes.h
configure:7657: gcc -c -g -O2  conftest.c >&5
configure:7657: $? = 0
configure:7657: result: yes
configure:7657: checking for stdint.h
configure:7657: gcc -c -g -O2  conftest.c >&5
configure:7657: $? = 0
configure:7657: result: yes
configure:7657: checking for unistd.h
configure:7657: gcc -c -g -O2  conftest.c >&5
configure:7657: $? = 0
configure:7657: result: yes
configure:7671: checking for dlfcn.h
configure:7671: gcc -c -g -O2  conftest.c >&5
configure:7671: $? = 0
configure:7671: result: yes
configure:7847: checking for objdir
configure:7862: result: .libs
configure:8133: checking if gcc supports -fno-rtti -fno-exceptions
configure:8151: gcc -c -g -O2  -fno-rtti -fno-exceptions conftest.c >&5
cc1: warning: command line option '-fno-rtti' is valid for C++/ObjC++ but not for C [enabled by default]
configure:8155: $? = 0
configure:8168: result: no
configure:8495: checking for gcc option to produce PIC
configure:8502: result: -fPIC -DPIC
configure:8510: checking if gcc PIC flag -fPIC -DPIC works
configure:8528: gcc -c -g -O2  -fPIC -DPIC -DPIC conftest.c >&5
configure:8532: $? = 0
configure:8545: result: yes
configure:8574: checking if gcc static flag -static works
configure:8602: result: yes
configure:8617: checking if gcc supports -c -o file.o
configure:8638: gcc -c -g -O2  -o out/conftest2.o conftest.c >&5
configure:8642: $? = 0
configure:8664: result: yes
configure:8672: checking if gcc supports -c -o file.o
configure:8719: result: yes
configure:8752: checking whether the gcc linker (/usr/bin/ld -m elf_x86_64) supports shared libraries
configure:9909: result: yes
configure:9946: checking whether -lc should be explicitly linked in
configure:9954: gcc -c -g -O2  conftest.c >&5
configure:9957: $? = 0
configure:9972: gcc -shared  -fPIC -DPIC conftest.o  -v -Wl,-soname -Wl,conftest -o conftest 2\>\&1 \| /bin/grep  -lc  \>/dev/null 2\>\&1
configure:9975: $? = 0
configure:9989: result: no
configure:10149: checking dynamic linker characteristics
configure:10649: gcc -o conftest -g -O2   -Wl,-rpath -Wl,/foo conftest.c  >&5
configure:10649: $? = 0
configure:10883: result: GNU/Linux ld.so
configure:10990: checking how to hardcode library paths into programs
configure:11015: result: immediate
configure:11555: checking whether stripping libraries is possible
configure:11560: result: yes
configure:11595: checking if libtool supports shared libraries
configure:11597: result: yes
configure:11600: checking whether to build shared libraries
configure:11621: result: yes
configure:11624: checking whether to build static libraries
configure:11628: result: no
configure:11725: checking for g++
configure:11741: found /usr/bin/g++
configure:11752: result: g++
configure:11779: checking for C++ compiler version
configure:11788: g++ --version >&5
g++ (Ubuntu/Linaro 4.8.1-10ubuntu8) 4.8.1
Copyright (C) 2013 Free Software Foundation, Inc.
This is free software; see the source for copying conditions.  There is NO
warranty; not even for MERCHANTABILITY or FITNESS FOR A PARTICULAR PURPOSE.

configure:11799: $? = 0
configure:11788: g++ -v >&5
Using built-in specs.
COLLECT_GCC=g++
COLLECT_LTO_WRAPPER=/usr/lib/gcc/x86_64-linux-gnu/4.8/lto-wrapper
Target: x86_64-linux-gnu
Configured with: ../src/configure -v --with-pkgversion='Ubuntu/Linaro 4.8.1-10ubuntu8' --with-bugurl=file:///usr/share/doc/gcc-4.8/README.Bugs --enable-languages=c,c++,java,go,d,fortran,objc,obj-c++ --prefix=/usr --program-suffix=-4.8 --enable-shared --enable-linker-build-id --libexecdir=/usr/lib --without-included-gettext --enable-threads=posix --with-gxx-include-dir=/usr/include/c++/4.8 --libdir=/usr/lib --enable-nls --with-sysroot=/ --enable-clocale=gnu --enable-libstdcxx-debug --enable-libstdcxx-time=yes --enable-gnu-unique-object --enable-plugin --with-system-zlib --disable-browser-plugin --enable-java-awt=gtk --enable-gtk-cairo --with-java-home=/usr/lib/jvm/java-1.5.0-gcj-4.8-amd64/jre --enable-java-home --with-jvm-root-dir=/usr/lib/jvm/java-1.5.0-gcj-4.8-amd64 --with-jvm-jar-dir=/usr/lib/jvm-exports/java-1.5.0-gcj-4.8-amd64 --with-arch-directory=amd64 --with-ecj-jar=/usr/share/java/eclipse-ecj.jar --enable-objc-gc --enable-multiarch --disable-werror --with-arch-32=i686 --with-abi=m64 --with-multilib-list=m32,m64,mx32 --with-tune=generic --enable-checking=release --build=x86_64-linux-gnu --host=x86_64-linux-gnu --target=x86_64-linux-gnu
Thread model: posix
gcc version 4.8.1 (Ubuntu/Linaro 4.8.1-10ubuntu8) 
configure:11799: $? = 0
configure:11788: g++ -V >&5
g++: error: unrecognized command line option '-V'
g++: fatal error: no input files
compilation terminated.
configure:11799: $? = 4
configure:11788: g++ -qversion >&5
g++: error: unrecognized command line option '-qversion'
g++: fatal error: no input files
compilation terminated.
configure:11799: $? = 4
configure:11803: checking whether we are using the GNU C++ compiler
configure:11822: g++ -c   conftest.cpp >&5
configure:11822: $? = 0
configure:11831: result: yes
configure:11840: checking whether g++ accepts -g
configure:11860: g++ -c -g  conftest.cpp >&5
configure:11860: $? = 0
configure:11901: result: yes
configure:11926: checking dependency style of g++
configure:12037: result: gcc3
configure:12070: checking how to run the C++ preprocessor
configure:12097: g++ -E  conftest.cpp
configure:12097: $? = 0
configure:12111: g++ -E  conftest.cpp
conftest.cpp:23:28: fatal error: ac_nonexistent.h: No such file or directory
 #include <ac_nonexistent.h>
                            ^
compilation terminated.
configure:12111: $? = 1
configure: failed program was:
| /* confdefs.h */
| #define PACKAGE_NAME "FULL-PACKAGE-NAME"
| #define PACKAGE_TARNAME "full-package-name"
| #define PACKAGE_VERSION "VERSION"
| #define PACKAGE_STRING "FULL-PACKAGE-NAME VERSION"
| #define PACKAGE_BUGREPORT "BUG-REPORT-ADDRESS"
| #define PACKAGE_URL ""
| #define PACKAGE "full-package-name"
| #define VERSION "VERSION"
| #define STDC_HEADERS 1
| #define HAVE_SYS_TYPES_H 1
| #define HAVE_SYS_STAT_H 1
| #define HAVE_STDLIB_H 1
| #define HAVE_STRING_H 1
| #define HAVE_MEMORY_H 1
| #define HAVE_STRINGS_H 1
| #define HAVE_INTTYPES_H 1
| #define HAVE_STDINT_H 1
| #define HAVE_UNISTD_H 1
| #define HAVE_DLFCN_H 1
| #define LT_OBJDIR ".libs/"
| /* end confdefs.h.  */
| #include <ac_nonexistent.h>
configure:12136: result: g++ -E
configure:12156: g++ -E  conftest.cpp
configure:12156: $? = 0
configure:12170: g++ -E  conftest.cpp
conftest.cpp:23:28: fatal error: ac_nonexistent.h: No such file or directory
 #include <ac_nonexistent.h>
                            ^
compilation terminated.
configure:12170: $? = 1
configure: failed program was:
| /* confdefs.h */
| #define PACKAGE_NAME "FULL-PACKAGE-NAME"
| #define PACKAGE_TARNAME "full-package-name"
| #define PACKAGE_VERSION "VERSION"
| #define PACKAGE_STRING "FULL-PACKAGE-NAME VERSION"
| #define PACKAGE_BUGREPORT "BUG-REPORT-ADDRESS"
| #define PACKAGE_URL ""
| #define PACKAGE "full-package-name"
| #define VERSION "VERSION"
| #define STDC_HEADERS 1
| #define HAVE_SYS_TYPES_H 1
| #define HAVE_SYS_STAT_H 1
| #define HAVE_STDLIB_H 1
| #define HAVE_STRING_H 1
| #define HAVE_MEMORY_H 1
| #define HAVE_STRINGS_H 1
| #define HAVE_INTTYPES_H 1
| #define HAVE_STDINT_H 1
| #define HAVE_UNISTD_H 1
| #define HAVE_DLFCN_H 1
| #define LT_OBJDIR ".libs/"
| /* end confdefs.h.  */
| #include <ac_nonexistent.h>
configure:12339: checking for ld used by g++
configure:12406: result: /usr/bin/ld -m elf_x86_64
configure:12413: checking if the linker (/usr/bin/ld -m elf_x86_64) is GNU ld
configure:12428: result: yes
configure:12483: checking whether the g++ linker (/usr/bin/ld -m elf_x86_64) supports shared libraries
configure:13485: result: yes
configure:13521: g++ -c -g -O2  conftest.cpp >&5
configure:13524: $? = 0
configure:14044: checking for g++ option to produce PIC
configure:14051: result: -fPIC -DPIC
configure:14059: checking if g++ PIC flag -fPIC -DPIC works
configure:14077: g++ -c -g -O2  -fPIC -DPIC -DPIC conftest.cpp >&5
configure:14081: $? = 0
configure:14094: result: yes
configure:14117: checking if g++ static flag -static works
configure:14145: result: yes
configure:14157: checking if g++ supports -c -o file.o
configure:14178: g++ -c -g -O2  -o out/conftest2.o conftest.cpp >&5
configure:14182: $? = 0
configure:14204: result: yes
configure:14209: checking if g++ supports -c -o file.o
configure:14256: result: yes
configure:14286: checking whether the g++ linker (/usr/bin/ld -m elf_x86_64) supports shared libraries
configure:14325: result: yes
configure:14466: checking dynamic linker characteristics
configure:15134: result: GNU/Linux ld.so
configure:15187: checking how to hardcode library paths into programs
configure:15212: result: immediate
configure:15300: checking for gcc
configure:15327: result: gcc
configure:15556: checking for C compiler version
configure:15565: gcc --version >&5
gcc (Ubuntu/Linaro 4.8.1-10ubuntu8) 4.8.1
Copyright (C) 2013 Free Software Foundation, Inc.
This is free software; see the source for copying conditions.  There is NO
warranty; not even for MERCHANTABILITY or FITNESS FOR A PARTICULAR PURPOSE.

configure:15576: $? = 0
configure:15565: gcc -v >&5
Using built-in specs.
COLLECT_GCC=gcc
COLLECT_LTO_WRAPPER=/usr/lib/gcc/x86_64-linux-gnu/4.8/lto-wrapper
Target: x86_64-linux-gnu
Configured with: ../src/configure -v --with-pkgversion='Ubuntu/Linaro 4.8.1-10ubuntu8' --with-bugurl=file:///usr/share/doc/gcc-4.8/README.Bugs --enable-languages=c,c++,java,go,d,fortran,objc,obj-c++ --prefix=/usr --program-suffix=-4.8 --enable-shared --enable-linker-build-id --libexecdir=/usr/lib --without-included-gettext --enable-threads=posix --with-gxx-include-dir=/usr/include/c++/4.8 --libdir=/usr/lib --enable-nls --with-sysroot=/ --enable-clocale=gnu --enable-libstdcxx-debug --enable-libstdcxx-time=yes --enable-gnu-unique-object --enable-plugin --with-system-zlib --disable-browser-plugin --enable-java-awt=gtk --enable-gtk-cairo --with-java-home=/usr/lib/jvm/java-1.5.0-gcj-4.8-amd64/jre --enable-java-home --with-jvm-root-dir=/usr/lib/jvm/java-1.5.0-gcj-4.8-amd64 --with-jvm-jar-dir=/usr/lib/jvm-exports/java-1.5.0-gcj-4.8-amd64 --with-arch-directory=amd64 --with-ecj-jar=/usr/share/java/eclipse-ecj.jar --enable-objc-gc --enable-multiarch --disable-werror --with-arch-32=i686 --with-abi=m64 --with-multilib-list=m32,m64,mx32 --with-tune=generic --enable-checking=release --build=x86_64-linux-gnu --host=x86_64-linux-gnu --target=x86_64-linux-gnu
Thread model: posix
gcc version 4.8.1 (Ubuntu/Linaro 4.8.1-10ubuntu8) 
configure:15576: $? = 0
configure:15565: gcc -V >&5
gcc: error: unrecognized command line option '-V'
gcc: fatal error: no input files
compilation terminated.
configure:15576: $? = 4
configure:15565: gcc -qversion >&5
gcc: error: unrecognized command line option '-qversion'
gcc: fatal error: no input files
compilation terminated.
configure:15576: $? = 4
configure:15580: checking whether we are using the GNU C compiler
configure:15608: result: yes
configure:15617: checking whether gcc accepts -g
configure:15678: result: yes
configure:15695: checking for gcc option to accept ISO C89
configure:15771: result: none needed
configure:15793: checking dependency style of gcc
configure:15904: result: gcc3
configure:15925: checking GNU compiler version
configure:15932: result: 4.8.1
configure:15963: checking LINKFORSHARED
configure:15975: result: -Xlinker -export-dynamic
configure:15989: result: -lpthread
configure:16015: checking whether to build for imagej
configure:16025: result: /home/hadim/local/mm/ImageJ
configure:16044: checking for ImageJ directory
configure:16053: result: /home/hadim/local/mm/ImageJ
configure:16091: checking device adapter path
configure:16093: result: ${libdir}/micro-manager
configure:16096: checking jar path
configure:16098: result: /home/hadim/local/mm/ImageJ/plugins/Micro-Manager
configure:16151: checking for boostlib >= 1.40.0
configure:16219: g++ -c -g -O  -I/usr/include conftest.cpp >&5
configure:16219: $? = 0
configure:16221: result: yes
configure:16399: checking whether the Boost::Thread library is available
configure:16431: g++ -c -pthread -g -O  -I/usr/include conftest.cpp >&5
configure:16431: $? = 0
configure:16446: result: yes
configure:16475: checking for exit in -lboost_thread
configure:16500: gcc -o conftest -g -O2  -I/usr/include  -L/usr/lib conftest.c -lboost_thread   >&5
conftest.c:32:6: warning: conflicting types for built-in function 'exit' [enabled by default]
 char exit ();
      ^
configure:16500: $? = 0
configure:16510: result: yes
configure:16669: checking whether the Boost::ASIO library is available
configure:16700: g++ -c -g -O  -pthread -I/usr/include conftest.cpp >&5
configure:16700: $? = 0
configure:16714: result: yes
configure:16726: checking for main in -lboost_system
configure:16745: gcc -o conftest -g -O2  -pthread -I/usr/include  -L/usr/lib conftest.c -lboost_system   >&5
configure:16745: $? = 0
configure:16755: result: yes
configure:16851: checking whether the Boost::System library is available
configure:16875: g++ -c -g -O  -pthread -I/usr/include conftest.cpp >&5
configure:16875: $? = 0
configure:16890: result: yes
configure:16905: checking for exit in -lboost_system
configure:16930: gcc -o conftest -g -O2  -pthread -I/usr/include  -L/usr/lib conftest.c -lboost_system   >&5
conftest.c:34:6: warning: conflicting types for built-in function 'exit' [enabled by default]
 char exit ();
      ^
configure:16930: $? = 0
configure:16940: result: yes
configure:17080: checking for libusb
configure:17098: result: not found
configure:17220: checking for Pvcam
configure:17238: result: not found
configure:17253: result: not found
configure:17258: checking for QCam
configure:17272: result: not found
configure:17278: checking for Scion
configure:17292: result: not found
configure:17297: checking for Diagnostic Spot
configure:17311: result: not found
configure:17316: checking for libdc1394
configure:17340: checking /usr/include/dc1394/dc1394.h usability
configure:17340: gcc -c -g -O2  conftest.c >&5
configure:17340: $? = 0
configure:17340: result: yes
configure:17340: checking /usr/include/dc1394/dc1394.h presence
configure:17340: gcc -E  conftest.c
configure:17340: $? = 0
configure:17340: result: yes
configure:17340: checking for /usr/include/dc1394/dc1394.h
configure:17340: result: yes
configure:17394: checking for Andor cameras
configure:17408: result: not found
configure:17413: checking for Andor laser combiner
configure:17427: result: not found
configure:17432: checking for Sensicam
configure:17446: result: not found
configure:17504: checking for pkg-config
configure:17522: found /usr/bin/pkg-config
configure:17534: result: /usr/bin/pkg-config
configure:17559: checking pkg-config is at least version 0.9.0
configure:17562: result: yes
configure:17572: checking for GPHOTO2
configure:17579: $PKG_CONFIG --exists --print-errors "libgphoto2 >= 2.5.1"
Package libgphoto2 was not found in the pkg-config search path.
Perhaps you should add the directory containing `libgphoto2.pc'
to the PKG_CONFIG_PATH environment variable
No package 'libgphoto2' found
configure:17582: $? = 1
configure:17596: $PKG_CONFIG --exists --print-errors "libgphoto2 >= 2.5.1"
Package libgphoto2 was not found in the pkg-config search path.
Perhaps you should add the directory containing `libgphoto2.pc'
to the PKG_CONFIG_PATH environment variable
No package 'libgphoto2' found
configure:17599: $? = 1
configure:17613: result: no
No package 'libgphoto2' found
configure:17643: checking for ltdl
configure:17661: result: "libltdl not found, can not build GPhoto adapter"
configure:17714: checking for libFreeImage headers
configure:17837: checking for Video4linux2
configure:17851: result: not found
configure:17856: checking for ITC
configure:17870: result: not found
configure:17902: checking for OPENCV
configure:17909: $PKG_CONFIG --exists --print-errors "opencv"
Package opencv was not found in the pkg-config search path.
Perhaps you should add the directory containing `opencv.pc'
to the PKG_CONFIG_PATH environment variable
No package 'opencv' found
configure:17912: $? = 1
configure:17926: $PKG_CONFIG --exists --print-errors "opencv"
Package opencv was not found in the pkg-config search path.
Perhaps you should add the directory containing `opencv.pc'
to the PKG_CONFIG_PATH environment variable
No package 'opencv' found
configure:17929: $? = 1
configure:17943: result: no
No package 'opencv' found
configure:17977: checking for OpenCV
configure:18007: result: no
configure:18042: checking for stdbool.h that conforms to C99
configure:18109: gcc -c -g -O2  conftest.c >&5
configure:18109: $? = 0
configure:18116: result: yes
configure:18118: checking for _Bool
configure:18118: gcc -c -g -O2  conftest.c >&5
configure:18118: $? = 0
configure:18118: gcc -c -g -O2  conftest.c >&5
conftest.c: In function 'main':
conftest.c:64:20: error: expected expression before ')' token
 if (sizeof ((_Bool)))
                    ^
configure:18118: $? = 1
configure: failed program was:
| /* confdefs.h */
| #define PACKAGE_NAME "FULL-PACKAGE-NAME"
| #define PACKAGE_TARNAME "full-package-name"
| #define PACKAGE_VERSION "VERSION"
| #define PACKAGE_STRING "FULL-PACKAGE-NAME VERSION"
| #define PACKAGE_BUGREPORT "BUG-REPORT-ADDRESS"
| #define PACKAGE_URL ""
| #define PACKAGE "full-package-name"
| #define VERSION "VERSION"
| #define STDC_HEADERS 1
| #define HAVE_SYS_TYPES_H 1
| #define HAVE_SYS_STAT_H 1
| #define HAVE_STDLIB_H 1
| #define HAVE_STRING_H 1
| #define HAVE_MEMORY_H 1
| #define HAVE_STRINGS_H 1
| #define HAVE_INTTYPES_H 1
| #define HAVE_STDINT_H 1
| #define HAVE_UNISTD_H 1
| #define HAVE_DLFCN_H 1
| #define LT_OBJDIR ".libs/"
| #define HAVE_BOOST /**/
| #define HAVE_BOOST_THREAD /**/
| #define HAVE_BOOST_ASIO /**/
| #define HAVE_BOOST_SYSTEM /**/
| #define HAVE__USR_INCLUDE_DC1394_DC1394_H 1
| /* end confdefs.h.  */
| #include <stdio.h>
| #ifdef HAVE_SYS_TYPES_H
| # include <sys/types.h>
| #endif
| #ifdef HAVE_SYS_STAT_H
| # include <sys/stat.h>
| #endif
| #ifdef STDC_HEADERS
| # include <stdlib.h>
| # include <stddef.h>
| #else
| # ifdef HAVE_STDLIB_H
| #  include <stdlib.h>
| # endif
| #endif
| #ifdef HAVE_STRING_H
| # if !defined STDC_HEADERS && defined HAVE_MEMORY_H
| #  include <memory.h>
| # endif
| # include <string.h>
| #endif
| #ifdef HAVE_STRINGS_H
| # include <strings.h>
| #endif
| #ifdef HAVE_INTTYPES_H
| # include <inttypes.h>
| #endif
| #ifdef HAVE_STDINT_H
| # include <stdint.h>
| #endif
| #ifdef HAVE_UNISTD_H
| # include <unistd.h>
| #endif
| int
| main ()
| {
| if (sizeof ((_Bool)))
| 	    return 0;
|   ;
|   return 0;
| }
configure:18118: result: yes
configure:18135: checking for an ANSI C-conforming const
configure:18201: gcc -c -g -O2  conftest.c >&5
configure:18201: $? = 0
configure:18208: result: yes
configure:18216: checking for inline
configure:18232: gcc -c -g -O2  conftest.c >&5
configure:18232: $? = 0
configure:18240: result: inline
configure:18290: checking pvcam linker flags
configure:18315: checking library suffix
configure:18317: result: .so.0
configure:18320: checking library prefix
configure:18322: result: libmmgr_dal_
configure:18328: checking for ANSI C header files
configure:18432: result: yes
configure:18442: checking for memset
configure:18442: gcc -o conftest -g -O2   conftest.c  >&5
conftest.c:54:6: warning: conflicting types for built-in function 'memset' [enabled by default]
 char memset ();
      ^
configure:18442: $? = 0
configure:18442: result: yes
configure:18599: checking that generated files are newer than configure
configure:18605: result: done
configure:18704: creating ./config.status

## ---------------------- ##
## Running config.status. ##
## ---------------------- ##

This file was extended by FULL-PACKAGE-NAME config.status VERSION, which was
generated by GNU Autoconf 2.69.  Invocation command line was

  CONFIG_FILES    = 
  CONFIG_HEADERS  = 
  CONFIG_LINKS    = 
  CONFIG_COMMANDS = 
  $ ./config.status 

on boromir

config.status:1235: creating Makefile
config.status:1235: creating AAAOTF/Makefile
config.status:1235: creating AOTF/Makefile
config.status:1235: creating Aladdin/Makefile
config.status:1235: creating Andor/Makefile
config.status:1235: creating AndorLaserCombiner/Makefile
config.status:1235: creating Aquinas/Makefile
config.status:1235: creating Arduino/Makefile
config.status:1235: creating ASIFW1000/Makefile
config.status:1235: creating ASIStage/Makefile
config.status:1235: creating ASITiger/Makefile
config.status:1235: creating ASIWPTR/Makefile
config.status:1235: creating CARVII/Makefile
config.status:1235: creating Cobolt/Makefile
config.status:1235: creating CoherentCube/Makefile
config.status:1235: creating Conix/Makefile
config.status:1235: creating Corvus/Makefile
config.status:1235: creating CSUW1/Makefile
config.status:1235: creating DTOpenLayer/Makefile
config.status:1235: creating DemoCamera/Makefile
config.status:1235: creating FreeSerialPort/Makefile
config.status:1235: creating ITC18/Makefile
config.status:1235: creating ImageProcessorChain/Makefile
config.status:1235: creating K8055/Makefile
config.status:1235: creating K8061/Makefile
config.status:1235: creating LeicaDMI/Makefile
config.status:1235: creating LeicaDMR/Makefile
config.status:1235: creating LeicaDMSTC/Makefile
config.status:1235: creating Ludl/Makefile
config.status:1235: creating LudlLow/Makefile
config.status:1235: creating LumencorSpectra/Makefile
config.status:1235: creating MaestroServo/Makefile
config.status:1235: creating Marzhauser/Makefile
config.status:1235: creating Marzhauser-LStep/Makefile
config.status:1235: creating MicroPoint/Makefile
config.status:1235: creating MP285/Makefile
config.status:1235: creating Neos/Makefile
config.status:1235: creating Nikon/Makefile
config.status:1235: creating NikonTE2000/Makefile
config.status:1235: creating nPoint/Makefile
config.status:1235: creating OpenCVgrabber/Makefile
config.status:1235: creating Omicron/Makefile
config.status:1235: creating Oxxius/Makefile
config.status:1235: creating ParallelPort/Makefile
config.status:1235: creating Pecon/Makefile
config.status:1235: creating PrecisExcite/Makefile
config.status:1235: creating Prior/Makefile
config.status:1235: creating PriorLegacy/Makefile
config.status:1235: creating PI/Makefile
config.status:1235: creating PI_GCS/Makefile
config.status:1235: creating PI_GCS_2/Makefile
config.status:1235: creating Piezosystem_30DV50/Makefile
config.status:1235: creating Piezosystem_dDrive/Makefile
config.status:1235: creating Piezosystem_NV120_1/Makefile
config.status:1235: creating Piezosystem_NV40_1/Makefile
config.status:1235: creating Piezosystem_NV40_3/Makefile
config.status:1235: creating PVCAM/Makefile
config.status:1235: creating PrincetonInstruments/Makefile
config.status:1235: creating QCam/Makefile
config.status:1235: creating Scientifica/Makefile
config.status:1235: creating Sapphire/Makefile
config.status:1235: creating ScionCam/Makefile
config.status:1235: creating Sensicam/Makefile
config.status:1235: creating SimpleCam/Makefile
config.status:1235: creating SpectralLMM5/Makefile
config.status:1235: creating Spot/Makefile
config.status:1235: creating SutterLambda/Makefile
config.status:1235: creating SutterStage/Makefile
config.status:1235: creating SerialManager/Makefile
config.status:1235: creating SimpleAutofocus/Makefile
config.status:1235: creating Thorlabs/Makefile
config.status:1235: creating ThorlabsDCxxxx/Makefile
config.status:1235: creating ThorlabsFilterWheel/Makefile
config.status:1235: creating ThorlabsSC10/Makefile
config.status:1235: creating Tofra/Makefile
config.status:1235: creating USBManager/Makefile
config.status:1235: creating HIDManager/Makefile
config.status:1235: creating Utilities/Makefile
config.status:1235: creating VariLC/Makefile
config.status:1235: creating Video4Linux/Makefile
config.status:1235: creating Vincent/Makefile
config.status:1235: creating Vortran/Makefile
config.status:1235: creating XCite120PC_Exacte/Makefile
config.status:1235: creating XCiteLed/Makefile
config.status:1235: creating Xcite/Makefile
config.status:1235: creating Yokogawa/Makefile
config.status:1235: creating ZeissCAN/Makefile
config.status:1235: creating ZeissCAN29/Makefile
config.status:1235: creating dc1394/Makefile
config.status:1235: creating kdv/Makefile
config.status:1407: executing depfiles commands
config.status:1407: executing libtool commands

## ---------------- ##
## Cache variables. ##
## ---------------- ##

ac_cv_build=x86_64-unknown-linux-gnu
ac_cv_c_compiler_gnu=yes
ac_cv_c_const=yes
ac_cv_c_inline=inline
ac_cv_cxx_compiler_gnu=yes
ac_cv_env_CCC_set=
ac_cv_env_CCC_value=
ac_cv_env_CC_set=
ac_cv_env_CC_value=
ac_cv_env_CFLAGS_set=
ac_cv_env_CFLAGS_value=
ac_cv_env_CPPFLAGS_set=set
ac_cv_env_CPPFLAGS_value=
ac_cv_env_CPP_set=
ac_cv_env_CPP_value=
ac_cv_env_CXXCPP_set=
ac_cv_env_CXXCPP_value=
ac_cv_env_CXXFLAGS_set=
ac_cv_env_CXXFLAGS_value=
ac_cv_env_CXX_set=
ac_cv_env_CXX_value=
ac_cv_env_GPHOTO2_CFLAGS_set=
ac_cv_env_GPHOTO2_CFLAGS_value=
ac_cv_env_GPHOTO2_LIBS_set=
ac_cv_env_GPHOTO2_LIBS_value=
ac_cv_env_LDFLAGS_set=set
ac_cv_env_LDFLAGS_value=
ac_cv_env_LIBS_set=
ac_cv_env_LIBS_value=
ac_cv_env_OPENCV_CFLAGS_set=
ac_cv_env_OPENCV_CFLAGS_value=
ac_cv_env_OPENCV_LIBS_set=
ac_cv_env_OPENCV_LIBS_value=
ac_cv_env_PKG_CONFIG_LIBDIR_set=
ac_cv_env_PKG_CONFIG_LIBDIR_value=
ac_cv_env_PKG_CONFIG_PATH_set=set
ac_cv_env_PKG_CONFIG_PATH_value=/home/hadim/local/shotcut/local/lib/pkgconfig:
ac_cv_env_PKG_CONFIG_set=
ac_cv_env_PKG_CONFIG_value=
ac_cv_env_build_alias_set=
ac_cv_env_build_alias_value=
ac_cv_env_host_alias_set=
ac_cv_env_host_alias_value=
ac_cv_env_target_alias_set=
ac_cv_env_target_alias_value=
ac_cv_func_memset=yes
ac_cv_header__usr_include_dc1394_dc1394_h=yes
ac_cv_header_dlfcn_h=yes
ac_cv_header_inttypes_h=yes
ac_cv_header_memory_h=yes
ac_cv_header_stdbool_h=yes
ac_cv_header_stdc=yes
ac_cv_header_stdint_h=yes
ac_cv_header_stdlib_h=yes
ac_cv_header_string_h=yes
ac_cv_header_strings_h=yes
ac_cv_header_sys_stat_h=yes
ac_cv_header_sys_types_h=yes
ac_cv_header_unistd_h=yes
ac_cv_host=x86_64-unknown-linux-gnu
ac_cv_lib_boost_system___exit=yes
ac_cv_lib_boost_system___main=yes
ac_cv_lib_boost_thread___exit=yes
ac_cv_objext=o
ac_cv_path_EGREP='/bin/grep -E'
ac_cv_path_FGREP='/bin/grep -F'
ac_cv_path_GREP=/bin/grep
ac_cv_path_SED=/bin/sed
ac_cv_path_ac_pt_PKG_CONFIG=/usr/bin/pkg-config
ac_cv_path_install='/usr/bin/install -c'
ac_cv_path_mkdir=/bin/mkdir
ac_cv_prog_AWK=gawk
ac_cv_prog_CPP='gcc -E'
ac_cv_prog_CXXCPP='g++ -E'
ac_cv_prog_ac_ct_AR=ar
ac_cv_prog_ac_ct_CC=gcc
ac_cv_prog_ac_ct_CXX=g++
ac_cv_prog_ac_ct_MANIFEST_TOOL=mt
ac_cv_prog_ac_ct_OBJDUMP=objdump
ac_cv_prog_ac_ct_RANLIB=ranlib
ac_cv_prog_ac_ct_STRIP=strip
ac_cv_prog_cc_c89=
ac_cv_prog_cc_g=yes
ac_cv_prog_cxx_g=yes
ac_cv_prog_make_make_set=yes
ac_cv_type__Bool=yes
am_cv_CC_dependencies_compiler_type=gcc3
am_cv_CXX_dependencies_compiler_type=gcc3
am_cv_make_support_nested_variables=yes
ax_cv_boost_asio=yes
ax_cv_boost_system=yes
ax_cv_boost_thread=yes
lt_cv_ar_at_file=@
lt_cv_archive_cmds_need_lc=no
lt_cv_deplibs_check_method=pass_all
lt_cv_file_magic_cmd='$MAGIC_CMD'
lt_cv_file_magic_test_file=
lt_cv_ld_reload_flag=-r
lt_cv_nm_interface='BSD nm'
lt_cv_objdir=.libs
lt_cv_path_LD=/usr/bin/ld
lt_cv_path_LDCXX='/usr/bin/ld -m elf_x86_64'
lt_cv_path_NM='/usr/bin/nm -B'
lt_cv_path_mainfest_tool=no
lt_cv_prog_compiler_c_o=yes
lt_cv_prog_compiler_c_o_CXX=yes
lt_cv_prog_compiler_pic='-fPIC -DPIC'
lt_cv_prog_compiler_pic_CXX='-fPIC -DPIC'
lt_cv_prog_compiler_pic_works=yes
lt_cv_prog_compiler_pic_works_CXX=yes
lt_cv_prog_compiler_rtti_exceptions=no
lt_cv_prog_compiler_static_works=yes
lt_cv_prog_compiler_static_works_CXX=yes
lt_cv_prog_gnu_ld=yes
lt_cv_prog_gnu_ldcxx=yes
lt_cv_sharedlib_from_linklib_cmd='printf %s\n'
lt_cv_shlibpath_overrides_runpath=no
lt_cv_sys_global_symbol_pipe='sed -n -e '\''s/^.*[	 ]\([ABCDGIRSTW][ABCDGIRSTW]*\)[	 ][	 ]*\([_A-Za-z][_A-Za-z0-9]*\)$/\1 \2 \2/p'\'' | sed '\''/ __gnu_lto/d'\'''
lt_cv_sys_global_symbol_to_c_name_address='sed -n -e '\''s/^: \([^ ]*\)[ ]*$/  {\"\1\", (void *) 0},/p'\'' -e '\''s/^[ABCDGIRSTW]* \([^ ]*\) \([^ ]*\)$/  {"\2", (void *) \&\2},/p'\'''
lt_cv_sys_global_symbol_to_c_name_address_lib_prefix='sed -n -e '\''s/^: \([^ ]*\)[ ]*$/  {\"\1\", (void *) 0},/p'\'' -e '\''s/^[ABCDGIRSTW]* \([^ ]*\) \(lib[^ ]*\)$/  {"\2", (void *) \&\2},/p'\'' -e '\''s/^[ABCDGIRSTW]* \([^ ]*\) \([^ ]*\)$/  {"lib\2", (void *) \&\2},/p'\'''
lt_cv_sys_global_symbol_to_cdecl='sed -n -e '\''s/^T .* \(.*\)$/extern int \1();/p'\'' -e '\''s/^[ABCDGIRSTW]* .* \(.*\)$/extern char \1;/p'\'''
lt_cv_sys_max_cmd_len=1572864
lt_cv_to_host_file_cmd=func_convert_file_noop
lt_cv_to_tool_file_cmd=func_convert_file_noop

## ----------------- ##
## Output variables. ##
## ----------------- ##

ACLOCAL='${SHELL} /home/hadim/local/mm/micro-manager/missing aclocal-1.13'
AMDEPBACKSLASH='\'
AMDEP_FALSE='#'
AMDEP_TRUE=''
AMTAR='$${TAR-tar}'
AM_BACKSLASH='\'
AM_DEFAULT_V='$(AM_DEFAULT_VERBOSITY)'
AM_DEFAULT_VERBOSITY='1'
AM_V='$(V)'
AR='ar'
AUTOCONF='${SHELL} /home/hadim/local/mm/micro-manager/missing autoconf'
AUTOHEADER='${SHELL} /home/hadim/local/mm/micro-manager/missing autoheader'
AUTOMAKE='${SHELL} /home/hadim/local/mm/micro-manager/missing automake-1.13'
AWK='gawk'
BOOST_ASIO_LIB='-lboost_system'
BOOST_CPPFLAGS='-pthread -I/usr/include'
BOOST_LDFLAGS='-L/usr/lib'
BOOST_SYSTEM_LIB='-lboost_system'
BOOST_THREAD_LIB='-lboost_thread'
BUILD_ANDORLASERCOMBINER_FALSE=''
BUILD_ANDORLASERCOMBINER_TRUE='#'
BUILD_ANDOR_FALSE=''
BUILD_ANDOR_TRUE='#'
BUILD_DC1394_FALSE='#'
BUILD_DC1394_TRUE=''
BUILD_HID_FALSE=''
BUILD_HID_TRUE='#'
BUILD_ITC_FALSE=''
BUILD_ITC_TRUE='#'
BUILD_OPENCV_FALSE=''
BUILD_OPENCV_TRUE='#'
BUILD_PVCAM_FALSE=''
BUILD_PVCAM_TRUE='#'
BUILD_QCAM_FALSE=''
BUILD_QCAM_TRUE='#'
BUILD_SCION_FALSE=''
BUILD_SCION_TRUE='#'
BUILD_SENSICAM_FALSE=''
BUILD_SENSICAM_TRUE='#'
BUILD_SIMPLECAM_FALSE=''
BUILD_SIMPLECAM_TRUE='#'
BUILD_SPOT_FALSE=''
BUILD_SPOT_TRUE='#'
BUILD_TEST_FALSE=''
BUILD_TEST_TRUE='#'
BUILD_USBMANAGER_FALSE=''
BUILD_USBMANAGER_TRUE='#'
BUILD_V4L2_FALSE=''
BUILD_V4L2_TRUE='#'
BUILD_WITH_JAVA_FALSE='#'
BUILD_WITH_JAVA_TRUE=''
CC='gcc'
CCDEPMODE='depmode=gcc3'
CFLAGS='-g -O2'
CPP='gcc -E'
CPPFLAGS=''
CXX='g++'
CXXCPP='g++ -E'
CXXDEPMODE='depmode=gcc3'
CXXFLAGS='-g -O'
CYGPATH_W='echo'
DEFS='-DPACKAGE_NAME=\"FULL-PACKAGE-NAME\" -DPACKAGE_TARNAME=\"full-package-name\" -DPACKAGE_VERSION=\"VERSION\" -DPACKAGE_STRING=\"FULL-PACKAGE-NAME\ VERSION\" -DPACKAGE_BUGREPORT=\"BUG-REPORT-ADDRESS\" -DPACKAGE_URL=\"\" -DPACKAGE=\"full-package-name\" -DVERSION=\"VERSION\" -DSTDC_HEADERS=1 -DHAVE_SYS_TYPES_H=1 -DHAVE_SYS_STAT_H=1 -DHAVE_STDLIB_H=1 -DHAVE_STRING_H=1 -DHAVE_MEMORY_H=1 -DHAVE_STRINGS_H=1 -DHAVE_INTTYPES_H=1 -DHAVE_STDINT_H=1 -DHAVE_UNISTD_H=1 -DHAVE_DLFCN_H=1 -DLT_OBJDIR=\".libs/\" -DHAVE_BOOST=/\*\*/ -DHAVE_BOOST_THREAD=/\*\*/ -DHAVE_BOOST_ASIO=/\*\*/ -DHAVE_BOOST_SYSTEM=/\*\*/ -DHAVE__USR_INCLUDE_DC1394_DC1394_H=1 -DHAVE__BOOL=1 -DHAVE_STDBOOL_H=1 -DSTDC_HEADERS=1 -DHAVE_MEMSET=1'
DEPDIR='.deps'
DEVICEADAPTERPATH='${libdir}/micro-manager'
DLLTOOL='false'
DSYMUTIL=''
DUMPBIN=''
ECHO_C=''
ECHO_N='-n'
ECHO_T=''
EGREP='/bin/grep -E'
EXEEXT=''
FGREP='/bin/grep -F'
GPHOTO2_CFLAGS=''
GPHOTO2_LIBDIR=''
GPHOTO2_LIBS=''
GPHOTO2_PORT_VERSION=''
GPHOTO2_VERSION=''
GREP='/bin/grep'
HIDAPICDIR=''
HIDAPIINCDIR=''
IJPATH='/home/hadim/local/mm/ImageJ'
INSTALL_DATA='${INSTALL} -m 644'
INSTALL_LIBGPHOTO='install_linux'
INSTALL_PROGRAM='${INSTALL}'
INSTALL_SCRIPT='${INSTALL}'
INSTALL_STRIP_PROGRAM='$(install_sh) -c -s'
JARPATH='/home/hadim/local/mm/ImageJ/plugins/Micro-Manager'
LD='/usr/bin/ld -m elf_x86_64'
LDFLAGS=''
LIBDC1394='-ldc1394'
LIBFREEIMAGE=''
LIBFREEIMAGEFOUND_FALSE=''
LIBFREEIMAGEFOUND_TRUE='#'
LIBFREEIMAGEPLUS=''
LIBFREEIMAGEPLUS_CXXFLAGS=''
LIBFREEIMAGE_CXXFLAGS=''
LIBGPHOTO2=''
LIBLTDL=''
LIBOBJS=''
LIBS=''
LIBTOOL='$(SHELL) $(top_builddir)/libtool'
LIBUSB=''
LINKFORSHARED='-Xlinker -export-dynamic'
LIPO=''
LN_S='ln -s'
LPTHREAD='-lpthread'
LTLIBOBJS=''
MAKEINFO='${SHELL} /home/hadim/local/mm/micro-manager/missing makeinfo'
MANIFEST_TOOL=':'
MKDIR_P='/bin/mkdir -p'
MMDEVAPI_CXXFLAGS='-I/home/hadim/local/mm/micro-manager/DeviceAdapters/../MMDevice'
MMDEVAPI_LDFLAGS='-module -shared -shrext "$(MMSUFFIX)" -avoid-version'
MMDEVAPI_LIBADD='/home/hadim/local/mm/micro-manager/DeviceAdapters/../MMDevice/.libs/libMMDevice.a'
MMPREFIX='libmmgr_dal_'
MMSUFFIX='.so.0'
NM='/usr/bin/nm -B'
NMEDIT=''
OBJDUMP='objdump'
OBJEXT='o'
OPENCV_CFLAGS=''
OPENCV_CPPFLAGS=''
OPENCV_LDFLAGS=''
OPENCV_LIBS=''
OPENCV_XLDFLAGS=''
OSNAME='Linux'
OTOOL64=''
OTOOL=''
PACKAGE='full-package-name'
PACKAGE_BUGREPORT='BUG-REPORT-ADDRESS'
PACKAGE_NAME='FULL-PACKAGE-NAME'
PACKAGE_STRING='FULL-PACKAGE-NAME VERSION'
PACKAGE_TARNAME='full-package-name'
PACKAGE_URL=''
PACKAGE_VERSION='VERSION'
PATH_SEPARATOR=':'
PKG_CONFIG='/usr/bin/pkg-config'
PKG_CONFIG_LIBDIR=''
PKG_CONFIG_PATH='/home/hadim/local/shotcut/local/lib/pkgconfig:'
PVCAMFRAMEWORKS='-lpvcam'
QUICKTIMEFRAMEWORKS=''
RANLIB='ranlib'
SED='/bin/sed'
SERIALFRAMEWORKS=''
SET_MAKE=''
SHELL='/bin/bash'
SPOTFRAMEWORKS=''
STRIP='strip'
TEST=''
VERSION='VERSION'
ac_ct_AR='ar'
ac_ct_CC='gcc'
ac_ct_CXX='g++'
ac_ct_DUMPBIN=''
am__EXEEXT_FALSE=''
am__EXEEXT_TRUE='#'
am__fastdepCC_FALSE='#'
am__fastdepCC_TRUE=''
am__fastdepCXX_FALSE='#'
am__fastdepCXX_TRUE=''
am__include='include'
am__isrc=''
am__leading_dot='.'
am__nodep='_no'
am__quote=''
am__tar='$${TAR-tar} chof - "$$tardir"'
am__untar='$${TAR-tar} xf -'
bindir='${exec_prefix}/bin'
build='x86_64-unknown-linux-gnu'
build_alias=''
build_cpu='x86_64'
build_os='linux-gnu'
build_vendor='unknown'
datadir='${datarootdir}'
datarootdir='${prefix}/share'
docdir='${datarootdir}/doc/${PACKAGE_TARNAME}'
dvidir='${docdir}'
exec_prefix='${prefix}'
host='x86_64-unknown-linux-gnu'
host_alias=''
host_cpu='x86_64'
host_os='linux-gnu'
host_vendor='unknown'
htmldir='${docdir}'
includedir='${prefix}/include'
infodir='${datarootdir}/info'
install_sh='${SHELL} /home/hadim/local/mm/micro-manager/install-sh'
libdir='${exec_prefix}/lib'
libexecdir='${exec_prefix}/libexec'
localedir='${datarootdir}/locale'
localstatedir='${prefix}/var'
mandir='${datarootdir}/man'
mkdir_p='$(MKDIR_P)'
oldincludedir='/usr/include'
pdfdir='${docdir}'
prefix='/home/hadim/local/mm/ImageJ'
program_transform_name='s,x,x,'
psdir='${docdir}'
sbindir='${exec_prefix}/sbin'
sharedstatedir='${prefix}/com'
sysconfdir='${prefix}/etc'
target_alias=''

## ----------- ##
## confdefs.h. ##
## ----------- ##

/* confdefs.h */
#define PACKAGE_NAME "FULL-PACKAGE-NAME"
#define PACKAGE_TARNAME "full-package-name"
#define PACKAGE_VERSION "VERSION"
#define PACKAGE_STRING "FULL-PACKAGE-NAME VERSION"
#define PACKAGE_BUGREPORT "BUG-REPORT-ADDRESS"
#define PACKAGE_URL ""
#define PACKAGE "full-package-name"
#define VERSION "VERSION"
#define STDC_HEADERS 1
#define HAVE_SYS_TYPES_H 1
#define HAVE_SYS_STAT_H 1
#define HAVE_STDLIB_H 1
#define HAVE_STRING_H 1
#define HAVE_MEMORY_H 1
#define HAVE_STRINGS_H 1
#define HAVE_INTTYPES_H 1
#define HAVE_STDINT_H 1
#define HAVE_UNISTD_H 1
#define HAVE_DLFCN_H 1
#define LT_OBJDIR ".libs/"
#define HAVE_BOOST /**/
#define HAVE_BOOST_THREAD /**/
#define HAVE_BOOST_ASIO /**/
#define HAVE_BOOST_SYSTEM /**/
#define HAVE__USR_INCLUDE_DC1394_DC1394_H 1
#define HAVE__BOOL 1
#define HAVE_STDBOOL_H 1
#define STDC_HEADERS 1
#define HAVE_MEMSET 1

configure: exit 0
